<?xml version="1.0" encoding="utf-8"?>
<CoverageSession>
  <Summary numSequencePoints="275" visitedSequencePoints="224" numBranchPoints="70" visitedBranchPoints="58" sequenceCoverage="81.45" branchCoverage="82.85" maxCyclomaticComplexity="151" minCyclomaticComplexity="151" visitedClasses="7" numClasses="8" visitedMethods="76" numMethods="103" />
  <Modules>
    <Module hash="215336A3-B1E4-45E0-9640-0AB8874A0420">
      <ModulePath>SpendWise.Domain.dll</ModulePath>
      <ModuleTime>2025-09-01T03:27:28</ModuleTime>
      <ModuleName>SpendWise.Domain</ModuleName>
      <Files>
        <File uid="1" fullPath="C:\Users\mateu\OneDrive\Área de Trabalho\UNB\TPPE\MateusOrlando-TPPE-2025.2-WebAPi\SpendWise\backend\src\SpendWise.Domain\ValueObjects\Email.cs" />
        <File uid="2" fullPath="C:\Users\mateu\OneDrive\Área de Trabalho\UNB\TPPE\MateusOrlando-TPPE-2025.2-WebAPi\SpendWise\backend\src\SpendWise.Domain\ValueObjects\Money.cs" />
        <File uid="3" fullPath="C:\Users\mateu\OneDrive\Área de Trabalho\UNB\TPPE\MateusOrlando-TPPE-2025.2-WebAPi\SpendWise\backend\src\SpendWise.Domain\ValueObjects\Periodo.cs" />
        <File uid="4" fullPath="C:\Users\mateu\OneDrive\Área de Trabalho\UNB\TPPE\MateusOrlando-TPPE-2025.2-WebAPi\SpendWise\backend\src\SpendWise.Domain\BaseEntity.cs" />
        <File uid="5" fullPath="C:\Users\mateu\OneDrive\Área de Trabalho\UNB\TPPE\MateusOrlando-TPPE-2025.2-WebAPi\SpendWise\backend\src\SpendWise.Domain\Entities\Categoria.cs" />
        <File uid="6" fullPath="C:\Users\mateu\OneDrive\Área de Trabalho\UNB\TPPE\MateusOrlando-TPPE-2025.2-WebAPi\SpendWise\backend\src\SpendWise.Domain\Entities\OrcamentoMensal.cs" />
        <File uid="7" fullPath="C:\Users\mateu\OneDrive\Área de Trabalho\UNB\TPPE\MateusOrlando-TPPE-2025.2-WebAPi\SpendWise\backend\src\SpendWise.Domain\Entities\Transacao.cs" />
        <File uid="8" fullPath="C:\Users\mateu\OneDrive\Área de Trabalho\UNB\TPPE\MateusOrlando-TPPE-2025.2-WebAPi\SpendWise\backend\src\SpendWise.Domain\Entities\Usuario.cs" />
      </Files>
      <Classes>
        <Class>
          <Summary numSequencePoints="25" visitedSequencePoints="23" numBranchPoints="6" visitedBranchPoints="5" sequenceCoverage="92" branchCoverage="83.33" maxCyclomaticComplexity="4" minCyclomaticComplexity="1" visitedClasses="1" numClasses="1" visitedMethods="11" numMethods="13" />
          <FullName>SpendWise.Domain.ValueObjects.Email</FullName>
          <Methods>
            <Method cyclomaticComplexity="1" nPathComplexity="1" sequenceCoverage="100" branchCoverage="100" isConstructor="False" isGetter="True" isSetter="False" isStatic="True">
              <Summary numSequencePoints="1" visitedSequencePoints="1" numBranchPoints="0" visitedBranchPoints="0" sequenceCoverage="100" branchCoverage="100" maxCyclomaticComplexity="1" minCyclomaticComplexity="1" visitedClasses="0" numClasses="0" visitedMethods="1" numMethods="1" />
              <MetadataToken />
              <Name>System.String SpendWise.Domain.ValueObjects.Email::get_Valor()</Name>
              <FileRef uid="1" />
              <SequencePoints>
                <SequencePoint vc="62" uspid="11" ordinal="0" sl="11" sc="1" el="11" ec="2" bec="0" bev="0" fileid="1" />
              </SequencePoints>
              <BranchPoints />
              <MethodPoint vc="1" uspid="0" p8:type="SequencePoint" ordinal="0" offset="0" sc="0" sl="11" ec="1" el="11" bec="0" bev="0" fileid="1" xmlns:p8="xsi" />
            </Method>
            <Method cyclomaticComplexity="1" nPathComplexity="1" sequenceCoverage="100" branchCoverage="100" isConstructor="False" isGetter="True" isSetter="False" isStatic="True">
              <Summary numSequencePoints="1" visitedSequencePoints="1" numBranchPoints="0" visitedBranchPoints="0" sequenceCoverage="100" branchCoverage="100" maxCyclomaticComplexity="1" minCyclomaticComplexity="1" visitedClasses="0" numClasses="0" visitedMethods="1" numMethods="1" />
              <MetadataToken />
              <Name>System.String SpendWise.Domain.ValueObjects.Email::get_Domain()</Name>
              <FileRef uid="1" />
              <SequencePoints>
                <SequencePoint vc="3" uspid="13" ordinal="0" sl="13" sc="1" el="13" ec="2" bec="0" bev="0" fileid="1" />
              </SequencePoints>
              <BranchPoints />
              <MethodPoint vc="1" uspid="0" p8:type="SequencePoint" ordinal="1" offset="1" sc="0" sl="13" ec="1" el="13" bec="0" bev="0" fileid="1" xmlns:p8="xsi" />
            </Method>
            <Method cyclomaticComplexity="1" nPathComplexity="1" sequenceCoverage="100" branchCoverage="100" isConstructor="False" isGetter="True" isSetter="False" isStatic="True">
              <Summary numSequencePoints="1" visitedSequencePoints="1" numBranchPoints="0" visitedBranchPoints="0" sequenceCoverage="100" branchCoverage="100" maxCyclomaticComplexity="1" minCyclomaticComplexity="1" visitedClasses="0" numClasses="0" visitedMethods="1" numMethods="1" />
              <MetadataToken />
              <Name>System.String SpendWise.Domain.ValueObjects.Email::get_LocalPart()</Name>
              <FileRef uid="1" />
              <SequencePoints>
                <SequencePoint vc="3" uspid="14" ordinal="0" sl="14" sc="1" el="14" ec="2" bec="0" bev="0" fileid="1" />
              </SequencePoints>
              <BranchPoints />
              <MethodPoint vc="1" uspid="0" p8:type="SequencePoint" ordinal="2" offset="2" sc="0" sl="14" ec="1" el="14" bec="0" bev="0" fileid="1" xmlns:p8="xsi" />
            </Method>
            <Method cyclomaticComplexity="1" nPathComplexity="1" sequenceCoverage="100" branchCoverage="100" isConstructor="False" isGetter="False" isSetter="False" isStatic="True">
              <Summary numSequencePoints="1" visitedSequencePoints="1" numBranchPoints="0" visitedBranchPoints="0" sequenceCoverage="100" branchCoverage="100" maxCyclomaticComplexity="1" minCyclomaticComplexity="1" visitedClasses="0" numClasses="0" visitedMethods="1" numMethods="1" />
              <MetadataToken />
              <Name>System.String SpendWise.Domain.ValueObjects.Email::op_Implicit(SpendWise.Domain.ValueObjects.Email)</Name>
              <FileRef uid="1" />
              <SequencePoints>
                <SequencePoint vc="1" uspid="29" ordinal="0" sl="29" sc="1" el="29" ec="2" bec="0" bev="0" fileid="1" />
              </SequencePoints>
              <BranchPoints />
              <MethodPoint vc="1" uspid="0" p8:type="SequencePoint" ordinal="3" offset="3" sc="0" sl="29" ec="1" el="29" bec="0" bev="0" fileid="1" xmlns:p8="xsi" />
            </Method>
            <Method cyclomaticComplexity="1" nPathComplexity="1" sequenceCoverage="0" branchCoverage="100" isConstructor="False" isGetter="False" isSetter="False" isStatic="True">
              <Summary numSequencePoints="1" visitedSequencePoints="0" numBranchPoints="0" visitedBranchPoints="0" sequenceCoverage="0" branchCoverage="100" maxCyclomaticComplexity="1" minCyclomaticComplexity="1" visitedClasses="0" numClasses="0" visitedMethods="0" numMethods="1" />
              <MetadataToken />
              <Name>SpendWise.Domain.ValueObjects.Email SpendWise.Domain.ValueObjects.Email::op_Implicit(System.String)</Name>
              <FileRef uid="1" />
              <SequencePoints>
                <SequencePoint vc="0" uspid="30" ordinal="0" sl="30" sc="1" el="30" ec="2" bec="0" bev="0" fileid="1" />
              </SequencePoints>
              <BranchPoints />
              <MethodPoint vc="0" uspid="0" p8:type="SequencePoint" ordinal="4" offset="4" sc="0" sl="30" ec="1" el="30" bec="0" bev="0" fileid="1" xmlns:p8="xsi" />
            </Method>
            <Method cyclomaticComplexity="1" nPathComplexity="1" sequenceCoverage="100" branchCoverage="100" isConstructor="False" isGetter="False" isSetter="False" isStatic="True">
              <Summary numSequencePoints="1" visitedSequencePoints="1" numBranchPoints="0" visitedBranchPoints="0" sequenceCoverage="100" branchCoverage="100" maxCyclomaticComplexity="1" minCyclomaticComplexity="1" visitedClasses="0" numClasses="0" visitedMethods="1" numMethods="1" />
              <MetadataToken />
              <Name>System.String SpendWise.Domain.ValueObjects.Email::ToString()</Name>
              <FileRef uid="1" />
              <SequencePoints>
                <SequencePoint vc="1" uspid="32" ordinal="0" sl="32" sc="1" el="32" ec="2" bec="0" bev="0" fileid="1" />
              </SequencePoints>
              <BranchPoints />
              <MethodPoint vc="1" uspid="0" p8:type="SequencePoint" ordinal="5" offset="5" sc="0" sl="32" ec="1" el="32" bec="0" bev="0" fileid="1" xmlns:p8="xsi" />
            </Method>
            <Method cyclomaticComplexity="2" nPathComplexity="2" sequenceCoverage="100" branchCoverage="50" isConstructor="False" isGetter="False" isSetter="False" isStatic="True">
              <Summary numSequencePoints="4" visitedSequencePoints="4" numBranchPoints="2" visitedBranchPoints="1" sequenceCoverage="100" branchCoverage="50" maxCyclomaticComplexity="2" minCyclomaticComplexity="2" visitedClasses="0" numClasses="0" visitedMethods="1" numMethods="1" />
              <MetadataToken />
              <Name>System.Boolean SpendWise.Domain.ValueObjects.Email::Equals(System.Object)</Name>
              <FileRef uid="1" />
              <SequencePoints>
                <SequencePoint vc="5" uspid="35" ordinal="0" sl="35" sc="1" el="35" ec="2" bec="0" bev="0" fileid="1" />
                <SequencePoint vc="5" uspid="36" ordinal="1" sl="36" sc="1" el="36" ec="2" bec="2" bev="1" fileid="1" />
                <SequencePoint vc="5" uspid="37" ordinal="2" sl="37" sc="1" el="37" ec="2" bec="0" bev="0" fileid="1" />
                <SequencePoint vc="5" uspid="38" ordinal="3" sl="38" sc="1" el="38" ec="2" bec="0" bev="0" fileid="1" />
              </SequencePoints>
              <BranchPoints>
                <BranchPoint vc="0" uspid="36" ordinal="0" path="0" offset="17" offsetend="19" sl="36" fileid="1" />
                <BranchPoint vc="5" uspid="36" ordinal="1" path="1" offset="17" offsetend="23" sl="36" fileid="1" />
              </BranchPoints>
              <MethodPoint vc="4" uspid="0" p8:type="SequencePoint" ordinal="6" offset="6" sc="0" sl="35" ec="1" el="38" bec="0" bev="0" fileid="1" xmlns:p8="xsi" />
            </Method>
            <Method cyclomaticComplexity="1" nPathComplexity="1" sequenceCoverage="100" branchCoverage="100" isConstructor="False" isGetter="False" isSetter="False" isStatic="True">
              <Summary numSequencePoints="1" visitedSequencePoints="1" numBranchPoints="0" visitedBranchPoints="0" sequenceCoverage="100" branchCoverage="100" maxCyclomaticComplexity="1" minCyclomaticComplexity="1" visitedClasses="0" numClasses="0" visitedMethods="1" numMethods="1" />
              <MetadataToken />
              <Name>System.Int32 SpendWise.Domain.ValueObjects.Email::GetHashCode()</Name>
              <FileRef uid="1" />
              <SequencePoints>
                <SequencePoint vc="2" uspid="40" ordinal="0" sl="40" sc="1" el="40" ec="2" bec="0" bev="0" fileid="1" />
              </SequencePoints>
              <BranchPoints />
              <MethodPoint vc="1" uspid="0" p8:type="SequencePoint" ordinal="7" offset="7" sc="0" sl="40" ec="1" el="40" bec="0" bev="0" fileid="1" xmlns:p8="xsi" />
            </Method>
            <Method cyclomaticComplexity="1" nPathComplexity="1" sequenceCoverage="100" branchCoverage="100" isConstructor="False" isGetter="False" isSetter="False" isStatic="True">
              <Summary numSequencePoints="1" visitedSequencePoints="1" numBranchPoints="0" visitedBranchPoints="0" sequenceCoverage="100" branchCoverage="100" maxCyclomaticComplexity="1" minCyclomaticComplexity="1" visitedClasses="0" numClasses="0" visitedMethods="1" numMethods="1" />
              <MetadataToken />
              <Name>System.Boolean SpendWise.Domain.ValueObjects.Email::op_Equality(SpendWise.Domain.ValueObjects.Email,SpendWise.Domain.ValueObjects.Email)</Name>
              <FileRef uid="1" />
              <SequencePoints>
                <SequencePoint vc="1" uspid="42" ordinal="0" sl="42" sc="1" el="42" ec="2" bec="0" bev="0" fileid="1" />
              </SequencePoints>
              <BranchPoints />
              <MethodPoint vc="1" uspid="0" p8:type="SequencePoint" ordinal="8" offset="8" sc="0" sl="42" ec="1" el="42" bec="0" bev="0" fileid="1" xmlns:p8="xsi" />
            </Method>
            <Method cyclomaticComplexity="1" nPathComplexity="1" sequenceCoverage="100" branchCoverage="100" isConstructor="False" isGetter="False" isSetter="False" isStatic="True">
              <Summary numSequencePoints="1" visitedSequencePoints="1" numBranchPoints="0" visitedBranchPoints="0" sequenceCoverage="100" branchCoverage="100" maxCyclomaticComplexity="1" minCyclomaticComplexity="1" visitedClasses="0" numClasses="0" visitedMethods="1" numMethods="1" />
              <MetadataToken />
              <Name>System.Boolean SpendWise.Domain.ValueObjects.Email::op_Inequality(SpendWise.Domain.ValueObjects.Email,SpendWise.Domain.ValueObjects.Email)</Name>
              <FileRef uid="1" />
              <SequencePoints>
                <SequencePoint vc="1" uspid="43" ordinal="0" sl="43" sc="1" el="43" ec="2" bec="0" bev="0" fileid="1" />
              </SequencePoints>
              <BranchPoints />
              <MethodPoint vc="1" uspid="0" p8:type="SequencePoint" ordinal="9" offset="9" sc="0" sl="43" ec="1" el="43" bec="0" bev="0" fileid="1" xmlns:p8="xsi" />
            </Method>
            <Method cyclomaticComplexity="1" nPathComplexity="1" sequenceCoverage="0" branchCoverage="100" isConstructor="True" isGetter="False" isSetter="False" isStatic="True">
              <Summary numSequencePoints="1" visitedSequencePoints="0" numBranchPoints="0" visitedBranchPoints="0" sequenceCoverage="0" branchCoverage="100" maxCyclomaticComplexity="1" minCyclomaticComplexity="1" visitedClasses="0" numClasses="0" visitedMethods="0" numMethods="1" />
              <MetadataToken />
              <Name>System.Void SpendWise.Domain.ValueObjects.Email::.ctor()</Name>
              <FileRef uid="1" />
              <SequencePoints>
                <SequencePoint vc="0" uspid="16" ordinal="0" sl="16" sc="1" el="16" ec="2" bec="0" bev="0" fileid="1" />
              </SequencePoints>
              <BranchPoints />
              <MethodPoint vc="0" uspid="0" p8:type="SequencePoint" ordinal="10" offset="10" sc="0" sl="16" ec="1" el="16" bec="0" bev="0" fileid="1" xmlns:p8="xsi" />
            </Method>
            <Method cyclomaticComplexity="4" nPathComplexity="4" sequenceCoverage="100" branchCoverage="100" isConstructor="True" isGetter="False" isSetter="False" isStatic="True">
              <Summary numSequencePoints="8" visitedSequencePoints="8" numBranchPoints="4" visitedBranchPoints="4" sequenceCoverage="100" branchCoverage="100" maxCyclomaticComplexity="4" minCyclomaticComplexity="4" visitedClasses="0" numClasses="0" visitedMethods="1" numMethods="1" />
              <MetadataToken />
              <Name>System.Void SpendWise.Domain.ValueObjects.Email::.ctor(System.String)</Name>
              <FileRef uid="1" />
              <SequencePoints>
                <SequencePoint vc="45" uspid="18" ordinal="0" sl="18" sc="1" el="18" ec="2" bec="0" bev="0" fileid="1" />
                <SequencePoint vc="45" uspid="19" ordinal="1" sl="19" sc="1" el="19" ec="2" bec="0" bev="0" fileid="1" />
                <SequencePoint vc="45" uspid="20" ordinal="2" sl="20" sc="1" el="20" ec="2" bec="2" bev="2" fileid="1" />
                <SequencePoint vc="3" uspid="21" ordinal="3" sl="21" sc="1" el="21" ec="2" bec="0" bev="0" fileid="1" />
                <SequencePoint vc="42" uspid="23" ordinal="4" sl="23" sc="1" el="23" ec="2" bec="2" bev="2" fileid="1" />
                <SequencePoint vc="6" uspid="24" ordinal="5" sl="24" sc="1" el="24" ec="2" bec="0" bev="0" fileid="1" />
                <SequencePoint vc="36" uspid="26" ordinal="6" sl="26" sc="1" el="26" ec="2" bec="0" bev="0" fileid="1" />
                <SequencePoint vc="36" uspid="27" ordinal="7" sl="27" sc="1" el="27" ec="2" bec="0" bev="0" fileid="1" />
              </SequencePoints>
              <BranchPoints>
                <BranchPoint vc="3" uspid="20" ordinal="0" path="0" offset="16" offsetend="18" sl="20" fileid="1" />
                <BranchPoint vc="42" uspid="20" ordinal="1" path="1" offset="16" offsetend="34" sl="20" fileid="1" />
                <BranchPoint vc="6" uspid="23" ordinal="2" path="0" offset="50" offsetend="52" sl="23" fileid="1" />
                <BranchPoint vc="36" uspid="23" ordinal="3" path="1" offset="50" offsetend="68" sl="23" fileid="1" />
              </BranchPoints>
              <MethodPoint vc="8" uspid="0" p8:type="SequencePoint" ordinal="11" offset="11" sc="0" sl="18" ec="1" el="27" bec="0" bev="0" fileid="1" xmlns:p8="xsi" />
            </Method>
            <Method cyclomaticComplexity="1" nPathComplexity="1" sequenceCoverage="100" branchCoverage="100" isConstructor="True" isGetter="False" isSetter="False" isStatic="True">
              <Summary numSequencePoints="3" visitedSequencePoints="3" numBranchPoints="0" visitedBranchPoints="0" sequenceCoverage="100" branchCoverage="100" maxCyclomaticComplexity="1" minCyclomaticComplexity="1" visitedClasses="0" numClasses="0" visitedMethods="1" numMethods="1" />
              <MetadataToken />
              <Name>System.Void SpendWise.Domain.ValueObjects.Email::.cctor()</Name>
              <FileRef uid="1" />
              <SequencePoints>
                <SequencePoint vc="1" uspid="7" ordinal="0" sl="7" sc="1" el="7" ec="2" bec="0" bev="0" fileid="1" />
                <SequencePoint vc="1" uspid="8" ordinal="1" sl="8" sc="1" el="8" ec="2" bec="0" bev="0" fileid="1" />
                <SequencePoint vc="1" uspid="9" ordinal="2" sl="9" sc="1" el="9" ec="2" bec="0" bev="0" fileid="1" />
              </SequencePoints>
              <BranchPoints />
              <MethodPoint vc="3" uspid="0" p8:type="SequencePoint" ordinal="12" offset="12" sc="0" sl="7" ec="1" el="9" bec="0" bev="0" fileid="1" xmlns:p8="xsi" />
            </Method>
          </Methods>
        </Class>
        <Class>
          <Summary numSequencePoints="40" visitedSequencePoints="35" numBranchPoints="10" visitedBranchPoints="9" sequenceCoverage="87.5" branchCoverage="90" maxCyclomaticComplexity="4" minCyclomaticComplexity="1" visitedClasses="1" numClasses="1" visitedMethods="16" numMethods="21" />
          <FullName>SpendWise.Domain.ValueObjects.Money</FullName>
          <Methods>
            <Method cyclomaticComplexity="1" nPathComplexity="1" sequenceCoverage="100" branchCoverage="100" isConstructor="False" isGetter="True" isSetter="False" isStatic="True">
              <Summary numSequencePoints="1" visitedSequencePoints="1" numBranchPoints="0" visitedBranchPoints="0" sequenceCoverage="100" branchCoverage="100" maxCyclomaticComplexity="1" minCyclomaticComplexity="1" visitedClasses="0" numClasses="0" visitedMethods="1" numMethods="1" />
              <MetadataToken />
              <Name>System.Decimal SpendWise.Domain.ValueObjects.Money::get_Valor()</Name>
              <FileRef uid="2" />
              <SequencePoints>
                <SequencePoint vc="184" uspid="5" ordinal="0" sl="5" sc="1" el="5" ec="2" bec="0" bev="0" fileid="2" />
              </SequencePoints>
              <BranchPoints />
              <MethodPoint vc="1" uspid="0" p8:type="SequencePoint" ordinal="0" offset="0" sc="0" sl="5" ec="1" el="5" bec="0" bev="0" fileid="2" xmlns:p8="xsi" />
            </Method>
            <Method cyclomaticComplexity="1" nPathComplexity="1" sequenceCoverage="100" branchCoverage="100" isConstructor="False" isGetter="True" isSetter="False" isStatic="True">
              <Summary numSequencePoints="1" visitedSequencePoints="1" numBranchPoints="0" visitedBranchPoints="0" sequenceCoverage="100" branchCoverage="100" maxCyclomaticComplexity="1" minCyclomaticComplexity="1" visitedClasses="0" numClasses="0" visitedMethods="1" numMethods="1" />
              <MetadataToken />
              <Name>System.String SpendWise.Domain.ValueObjects.Money::get_Moeda()</Name>
              <FileRef uid="2" />
              <SequencePoints>
                <SequencePoint vc="162" uspid="6" ordinal="0" sl="6" sc="1" el="6" ec="2" bec="0" bev="0" fileid="2" />
              </SequencePoints>
              <BranchPoints />
              <MethodPoint vc="1" uspid="0" p8:type="SequencePoint" ordinal="1" offset="1" sc="0" sl="6" ec="1" el="6" bec="0" bev="0" fileid="2" xmlns:p8="xsi" />
            </Method>
            <Method cyclomaticComplexity="2" nPathComplexity="2" sequenceCoverage="100" branchCoverage="100" isConstructor="False" isGetter="False" isSetter="False" isStatic="True">
              <Summary numSequencePoints="5" visitedSequencePoints="5" numBranchPoints="2" visitedBranchPoints="2" sequenceCoverage="100" branchCoverage="100" maxCyclomaticComplexity="2" minCyclomaticComplexity="2" visitedClasses="0" numClasses="0" visitedMethods="1" numMethods="1" />
              <MetadataToken />
              <Name>SpendWise.Domain.ValueObjects.Money SpendWise.Domain.ValueObjects.Money::Add(SpendWise.Domain.ValueObjects.Money)</Name>
              <FileRef uid="2" />
              <SequencePoints>
                <SequencePoint vc="2" uspid="20" ordinal="0" sl="20" sc="1" el="20" ec="2" bec="0" bev="0" fileid="2" />
                <SequencePoint vc="2" uspid="21" ordinal="1" sl="21" sc="1" el="21" ec="2" bec="2" bev="2" fileid="2" />
                <SequencePoint vc="1" uspid="22" ordinal="2" sl="22" sc="1" el="22" ec="2" bec="0" bev="0" fileid="2" />
                <SequencePoint vc="1" uspid="24" ordinal="3" sl="24" sc="1" el="24" ec="2" bec="0" bev="0" fileid="2" />
                <SequencePoint vc="1" uspid="25" ordinal="4" sl="25" sc="1" el="25" ec="2" bec="0" bev="0" fileid="2" />
              </SequencePoints>
              <BranchPoints>
                <BranchPoint vc="1" uspid="21" ordinal="0" path="0" offset="20" offsetend="22" sl="21" fileid="2" />
                <BranchPoint vc="1" uspid="21" ordinal="1" path="1" offset="20" offsetend="33" sl="21" fileid="2" />
              </BranchPoints>
              <MethodPoint vc="5" uspid="0" p8:type="SequencePoint" ordinal="2" offset="2" sc="0" sl="20" ec="1" el="25" bec="0" bev="0" fileid="2" xmlns:p8="xsi" />
            </Method>
            <Method cyclomaticComplexity="2" nPathComplexity="2" sequenceCoverage="100" branchCoverage="100" isConstructor="False" isGetter="False" isSetter="False" isStatic="True">
              <Summary numSequencePoints="5" visitedSequencePoints="5" numBranchPoints="2" visitedBranchPoints="2" sequenceCoverage="100" branchCoverage="100" maxCyclomaticComplexity="2" minCyclomaticComplexity="2" visitedClasses="0" numClasses="0" visitedMethods="1" numMethods="1" />
              <MetadataToken />
              <Name>SpendWise.Domain.ValueObjects.Money SpendWise.Domain.ValueObjects.Money::Subtract(SpendWise.Domain.ValueObjects.Money)</Name>
              <FileRef uid="2" />
              <SequencePoints>
                <SequencePoint vc="5" uspid="28" ordinal="0" sl="28" sc="1" el="28" ec="2" bec="0" bev="0" fileid="2" />
                <SequencePoint vc="5" uspid="29" ordinal="1" sl="29" sc="1" el="29" ec="2" bec="2" bev="2" fileid="2" />
                <SequencePoint vc="1" uspid="30" ordinal="2" sl="30" sc="1" el="30" ec="2" bec="0" bev="0" fileid="2" />
                <SequencePoint vc="4" uspid="32" ordinal="3" sl="32" sc="1" el="32" ec="2" bec="0" bev="0" fileid="2" />
                <SequencePoint vc="4" uspid="33" ordinal="4" sl="33" sc="1" el="33" ec="2" bec="0" bev="0" fileid="2" />
              </SequencePoints>
              <BranchPoints>
                <BranchPoint vc="1" uspid="29" ordinal="0" path="0" offset="20" offsetend="22" sl="29" fileid="2" />
                <BranchPoint vc="4" uspid="29" ordinal="1" path="1" offset="20" offsetend="33" sl="29" fileid="2" />
              </BranchPoints>
              <MethodPoint vc="5" uspid="0" p8:type="SequencePoint" ordinal="3" offset="3" sc="0" sl="28" ec="1" el="33" bec="0" bev="0" fileid="2" xmlns:p8="xsi" />
            </Method>
            <Method cyclomaticComplexity="1" nPathComplexity="1" sequenceCoverage="100" branchCoverage="100" isConstructor="False" isGetter="False" isSetter="False" isStatic="True">
              <Summary numSequencePoints="3" visitedSequencePoints="3" numBranchPoints="0" visitedBranchPoints="0" sequenceCoverage="100" branchCoverage="100" maxCyclomaticComplexity="1" minCyclomaticComplexity="1" visitedClasses="0" numClasses="0" visitedMethods="1" numMethods="1" />
              <MetadataToken />
              <Name>SpendWise.Domain.ValueObjects.Money SpendWise.Domain.ValueObjects.Money::Multiply(System.Decimal)</Name>
              <FileRef uid="2" />
              <SequencePoints>
                <SequencePoint vc="1" uspid="36" ordinal="0" sl="36" sc="1" el="36" ec="2" bec="0" bev="0" fileid="2" />
                <SequencePoint vc="1" uspid="37" ordinal="1" sl="37" sc="1" el="37" ec="2" bec="0" bev="0" fileid="2" />
                <SequencePoint vc="1" uspid="38" ordinal="2" sl="38" sc="1" el="38" ec="2" bec="0" bev="0" fileid="2" />
              </SequencePoints>
              <BranchPoints />
              <MethodPoint vc="3" uspid="0" p8:type="SequencePoint" ordinal="4" offset="4" sc="0" sl="36" ec="1" el="38" bec="0" bev="0" fileid="2" xmlns:p8="xsi" />
            </Method>
            <Method cyclomaticComplexity="1" nPathComplexity="1" sequenceCoverage="100" branchCoverage="100" isConstructor="False" isGetter="True" isSetter="False" isStatic="True">
              <Summary numSequencePoints="1" visitedSequencePoints="1" numBranchPoints="0" visitedBranchPoints="0" sequenceCoverage="100" branchCoverage="100" maxCyclomaticComplexity="1" minCyclomaticComplexity="1" visitedClasses="0" numClasses="0" visitedMethods="1" numMethods="1" />
              <MetadataToken />
              <Name>System.Boolean SpendWise.Domain.ValueObjects.Money::get_IsZero()</Name>
              <FileRef uid="2" />
              <SequencePoints>
                <SequencePoint vc="5" uspid="40" ordinal="0" sl="40" sc="1" el="40" ec="2" bec="0" bev="0" fileid="2" />
              </SequencePoints>
              <BranchPoints />
              <MethodPoint vc="1" uspid="0" p8:type="SequencePoint" ordinal="5" offset="5" sc="0" sl="40" ec="1" el="40" bec="0" bev="0" fileid="2" xmlns:p8="xsi" />
            </Method>
            <Method cyclomaticComplexity="1" nPathComplexity="1" sequenceCoverage="100" branchCoverage="100" isConstructor="False" isGetter="True" isSetter="False" isStatic="True">
              <Summary numSequencePoints="1" visitedSequencePoints="1" numBranchPoints="0" visitedBranchPoints="0" sequenceCoverage="100" branchCoverage="100" maxCyclomaticComplexity="1" minCyclomaticComplexity="1" visitedClasses="0" numClasses="0" visitedMethods="1" numMethods="1" />
              <MetadataToken />
              <Name>System.Boolean SpendWise.Domain.ValueObjects.Money::get_IsPositive()</Name>
              <FileRef uid="2" />
              <SequencePoints>
                <SequencePoint vc="3" uspid="41" ordinal="0" sl="41" sc="1" el="41" ec="2" bec="0" bev="0" fileid="2" />
              </SequencePoints>
              <BranchPoints />
              <MethodPoint vc="1" uspid="0" p8:type="SequencePoint" ordinal="6" offset="6" sc="0" sl="41" ec="1" el="41" bec="0" bev="0" fileid="2" xmlns:p8="xsi" />
            </Method>
            <Method cyclomaticComplexity="1" nPathComplexity="1" sequenceCoverage="100" branchCoverage="100" isConstructor="False" isGetter="True" isSetter="False" isStatic="True">
              <Summary numSequencePoints="1" visitedSequencePoints="1" numBranchPoints="0" visitedBranchPoints="0" sequenceCoverage="100" branchCoverage="100" maxCyclomaticComplexity="1" minCyclomaticComplexity="1" visitedClasses="0" numClasses="0" visitedMethods="1" numMethods="1" />
              <MetadataToken />
              <Name>System.Boolean SpendWise.Domain.ValueObjects.Money::get_IsNegative()</Name>
              <FileRef uid="2" />
              <SequencePoints>
                <SequencePoint vc="4" uspid="42" ordinal="0" sl="42" sc="1" el="42" ec="2" bec="0" bev="0" fileid="2" />
              </SequencePoints>
              <BranchPoints />
              <MethodPoint vc="1" uspid="0" p8:type="SequencePoint" ordinal="7" offset="7" sc="0" sl="42" ec="1" el="42" bec="0" bev="0" fileid="2" xmlns:p8="xsi" />
            </Method>
            <Method cyclomaticComplexity="1" nPathComplexity="1" sequenceCoverage="100" branchCoverage="100" isConstructor="False" isGetter="False" isSetter="False" isStatic="True">
              <Summary numSequencePoints="1" visitedSequencePoints="1" numBranchPoints="0" visitedBranchPoints="0" sequenceCoverage="100" branchCoverage="100" maxCyclomaticComplexity="1" minCyclomaticComplexity="1" visitedClasses="0" numClasses="0" visitedMethods="1" numMethods="1" />
              <MetadataToken />
              <Name>SpendWise.Domain.ValueObjects.Money SpendWise.Domain.ValueObjects.Money::Zero(System.String)</Name>
              <FileRef uid="2" />
              <SequencePoints>
                <SequencePoint vc="2" uspid="44" ordinal="0" sl="44" sc="1" el="44" ec="2" bec="0" bev="0" fileid="2" />
              </SequencePoints>
              <BranchPoints />
              <MethodPoint vc="1" uspid="0" p8:type="SequencePoint" ordinal="8" offset="8" sc="0" sl="44" ec="1" el="44" bec="0" bev="0" fileid="2" xmlns:p8="xsi" />
            </Method>
            <Method cyclomaticComplexity="1" nPathComplexity="1" sequenceCoverage="100" branchCoverage="100" isConstructor="False" isGetter="False" isSetter="False" isStatic="True">
              <Summary numSequencePoints="1" visitedSequencePoints="1" numBranchPoints="0" visitedBranchPoints="0" sequenceCoverage="100" branchCoverage="100" maxCyclomaticComplexity="1" minCyclomaticComplexity="1" visitedClasses="0" numClasses="0" visitedMethods="1" numMethods="1" />
              <MetadataToken />
              <Name>System.Decimal SpendWise.Domain.ValueObjects.Money::op_Implicit(SpendWise.Domain.ValueObjects.Money)</Name>
              <FileRef uid="2" />
              <SequencePoints>
                <SequencePoint vc="1" uspid="46" ordinal="0" sl="46" sc="1" el="46" ec="2" bec="0" bev="0" fileid="2" />
              </SequencePoints>
              <BranchPoints />
              <MethodPoint vc="1" uspid="0" p8:type="SequencePoint" ordinal="9" offset="9" sc="0" sl="46" ec="1" el="46" bec="0" bev="0" fileid="2" xmlns:p8="xsi" />
            </Method>
            <Method cyclomaticComplexity="1" nPathComplexity="1" sequenceCoverage="100" branchCoverage="100" isConstructor="False" isGetter="False" isSetter="False" isStatic="True">
              <Summary numSequencePoints="1" visitedSequencePoints="1" numBranchPoints="0" visitedBranchPoints="0" sequenceCoverage="100" branchCoverage="100" maxCyclomaticComplexity="1" minCyclomaticComplexity="1" visitedClasses="0" numClasses="0" visitedMethods="1" numMethods="1" />
              <MetadataToken />
              <Name>System.String SpendWise.Domain.ValueObjects.Money::ToString()</Name>
              <FileRef uid="2" />
              <SequencePoints>
                <SequencePoint vc="1" uspid="48" ordinal="0" sl="48" sc="1" el="48" ec="2" bec="0" bev="0" fileid="2" />
              </SequencePoints>
              <BranchPoints />
              <MethodPoint vc="1" uspid="0" p8:type="SequencePoint" ordinal="10" offset="10" sc="0" sl="48" ec="1" el="48" bec="0" bev="0" fileid="2" xmlns:p8="xsi" />
            </Method>
            <Method cyclomaticComplexity="4" nPathComplexity="4" sequenceCoverage="100" branchCoverage="75" isConstructor="False" isGetter="False" isSetter="False" isStatic="True">
              <Summary numSequencePoints="4" visitedSequencePoints="4" numBranchPoints="4" visitedBranchPoints="3" sequenceCoverage="100" branchCoverage="75" maxCyclomaticComplexity="4" minCyclomaticComplexity="4" visitedClasses="0" numClasses="0" visitedMethods="1" numMethods="1" />
              <MetadataToken />
              <Name>System.Boolean SpendWise.Domain.ValueObjects.Money::Equals(System.Object)</Name>
              <FileRef uid="2" />
              <SequencePoints>
                <SequencePoint vc="11" uspid="51" ordinal="0" sl="51" sc="1" el="51" ec="2" bec="0" bev="0" fileid="2" />
                <SequencePoint vc="11" uspid="52" ordinal="1" sl="52" sc="1" el="52" ec="2" bec="2" bev="1" fileid="2" />
                <SequencePoint vc="11" uspid="53" ordinal="2" sl="53" sc="1" el="53" ec="2" bec="2" bev="2" fileid="2" />
                <SequencePoint vc="11" uspid="54" ordinal="3" sl="54" sc="1" el="54" ec="2" bec="0" bev="0" fileid="2" />
              </SequencePoints>
              <BranchPoints>
                <BranchPoint vc="0" uspid="52" ordinal="0" path="0" offset="17" offsetend="19" sl="52" fileid="2" />
                <BranchPoint vc="11" uspid="52" ordinal="1" path="1" offset="17" offsetend="23" sl="52" fileid="2" />
                <BranchPoint vc="9" uspid="53" ordinal="2" path="0" offset="40" offsetend="42" sl="53" fileid="2" />
                <BranchPoint vc="2" uspid="53" ordinal="3" path="1" offset="40" offsetend="61" sl="53" fileid="2" />
              </BranchPoints>
              <MethodPoint vc="4" uspid="0" p8:type="SequencePoint" ordinal="11" offset="11" sc="0" sl="51" ec="1" el="54" bec="0" bev="0" fileid="2" xmlns:p8="xsi" />
            </Method>
            <Method cyclomaticComplexity="1" nPathComplexity="1" sequenceCoverage="100" branchCoverage="100" isConstructor="False" isGetter="False" isSetter="False" isStatic="True">
              <Summary numSequencePoints="1" visitedSequencePoints="1" numBranchPoints="0" visitedBranchPoints="0" sequenceCoverage="100" branchCoverage="100" maxCyclomaticComplexity="1" minCyclomaticComplexity="1" visitedClasses="0" numClasses="0" visitedMethods="1" numMethods="1" />
              <MetadataToken />
              <Name>System.Int32 SpendWise.Domain.ValueObjects.Money::GetHashCode()</Name>
              <FileRef uid="2" />
              <SequencePoints>
                <SequencePoint vc="2" uspid="56" ordinal="0" sl="56" sc="1" el="56" ec="2" bec="0" bev="0" fileid="2" />
              </SequencePoints>
              <BranchPoints />
              <MethodPoint vc="1" uspid="0" p8:type="SequencePoint" ordinal="12" offset="12" sc="0" sl="56" ec="1" el="56" bec="0" bev="0" fileid="2" xmlns:p8="xsi" />
            </Method>
            <Method cyclomaticComplexity="1" nPathComplexity="1" sequenceCoverage="100" branchCoverage="100" isConstructor="False" isGetter="False" isSetter="False" isStatic="True">
              <Summary numSequencePoints="1" visitedSequencePoints="1" numBranchPoints="0" visitedBranchPoints="0" sequenceCoverage="100" branchCoverage="100" maxCyclomaticComplexity="1" minCyclomaticComplexity="1" visitedClasses="0" numClasses="0" visitedMethods="1" numMethods="1" />
              <MetadataToken />
              <Name>System.Boolean SpendWise.Domain.ValueObjects.Money::op_Equality(SpendWise.Domain.ValueObjects.Money,SpendWise.Domain.ValueObjects.Money)</Name>
              <FileRef uid="2" />
              <SequencePoints>
                <SequencePoint vc="1" uspid="58" ordinal="0" sl="58" sc="1" el="58" ec="2" bec="0" bev="0" fileid="2" />
              </SequencePoints>
              <BranchPoints />
              <MethodPoint vc="1" uspid="0" p8:type="SequencePoint" ordinal="13" offset="13" sc="0" sl="58" ec="1" el="58" bec="0" bev="0" fileid="2" xmlns:p8="xsi" />
            </Method>
            <Method cyclomaticComplexity="1" nPathComplexity="1" sequenceCoverage="100" branchCoverage="100" isConstructor="False" isGetter="False" isSetter="False" isStatic="True">
              <Summary numSequencePoints="1" visitedSequencePoints="1" numBranchPoints="0" visitedBranchPoints="0" sequenceCoverage="100" branchCoverage="100" maxCyclomaticComplexity="1" minCyclomaticComplexity="1" visitedClasses="0" numClasses="0" visitedMethods="1" numMethods="1" />
              <MetadataToken />
              <Name>System.Boolean SpendWise.Domain.ValueObjects.Money::op_Inequality(SpendWise.Domain.ValueObjects.Money,SpendWise.Domain.ValueObjects.Money)</Name>
              <FileRef uid="2" />
              <SequencePoints>
                <SequencePoint vc="1" uspid="59" ordinal="0" sl="59" sc="1" el="59" ec="2" bec="0" bev="0" fileid="2" />
              </SequencePoints>
              <BranchPoints />
              <MethodPoint vc="1" uspid="0" p8:type="SequencePoint" ordinal="14" offset="14" sc="0" sl="59" ec="1" el="59" bec="0" bev="0" fileid="2" xmlns:p8="xsi" />
            </Method>
            <Method cyclomaticComplexity="1" nPathComplexity="1" sequenceCoverage="0" branchCoverage="100" isConstructor="False" isGetter="False" isSetter="False" isStatic="True">
              <Summary numSequencePoints="1" visitedSequencePoints="0" numBranchPoints="0" visitedBranchPoints="0" sequenceCoverage="0" branchCoverage="100" maxCyclomaticComplexity="1" minCyclomaticComplexity="1" visitedClasses="0" numClasses="0" visitedMethods="0" numMethods="1" />
              <MetadataToken />
              <Name>System.Boolean SpendWise.Domain.ValueObjects.Money::op_GreaterThan(SpendWise.Domain.ValueObjects.Money,SpendWise.Domain.ValueObjects.Money)</Name>
              <FileRef uid="2" />
              <SequencePoints>
                <SequencePoint vc="0" uspid="60" ordinal="0" sl="60" sc="1" el="60" ec="2" bec="0" bev="0" fileid="2" />
              </SequencePoints>
              <BranchPoints />
              <MethodPoint vc="0" uspid="0" p8:type="SequencePoint" ordinal="15" offset="15" sc="0" sl="60" ec="1" el="60" bec="0" bev="0" fileid="2" xmlns:p8="xsi" />
            </Method>
            <Method cyclomaticComplexity="1" nPathComplexity="1" sequenceCoverage="0" branchCoverage="100" isConstructor="False" isGetter="False" isSetter="False" isStatic="True">
              <Summary numSequencePoints="1" visitedSequencePoints="0" numBranchPoints="0" visitedBranchPoints="0" sequenceCoverage="0" branchCoverage="100" maxCyclomaticComplexity="1" minCyclomaticComplexity="1" visitedClasses="0" numClasses="0" visitedMethods="0" numMethods="1" />
              <MetadataToken />
              <Name>System.Boolean SpendWise.Domain.ValueObjects.Money::op_LessThan(SpendWise.Domain.ValueObjects.Money,SpendWise.Domain.ValueObjects.Money)</Name>
              <FileRef uid="2" />
              <SequencePoints>
                <SequencePoint vc="0" uspid="61" ordinal="0" sl="61" sc="1" el="61" ec="2" bec="0" bev="0" fileid="2" />
              </SequencePoints>
              <BranchPoints />
              <MethodPoint vc="0" uspid="0" p8:type="SequencePoint" ordinal="16" offset="16" sc="0" sl="61" ec="1" el="61" bec="0" bev="0" fileid="2" xmlns:p8="xsi" />
            </Method>
            <Method cyclomaticComplexity="1" nPathComplexity="1" sequenceCoverage="0" branchCoverage="100" isConstructor="False" isGetter="False" isSetter="False" isStatic="True">
              <Summary numSequencePoints="1" visitedSequencePoints="0" numBranchPoints="0" visitedBranchPoints="0" sequenceCoverage="0" branchCoverage="100" maxCyclomaticComplexity="1" minCyclomaticComplexity="1" visitedClasses="0" numClasses="0" visitedMethods="0" numMethods="1" />
              <MetadataToken />
              <Name>System.Boolean SpendWise.Domain.ValueObjects.Money::op_GreaterThanOrEqual(SpendWise.Domain.ValueObjects.Money,SpendWise.Domain.ValueObjects.Money)</Name>
              <FileRef uid="2" />
              <SequencePoints>
                <SequencePoint vc="0" uspid="62" ordinal="0" sl="62" sc="1" el="62" ec="2" bec="0" bev="0" fileid="2" />
              </SequencePoints>
              <BranchPoints />
              <MethodPoint vc="0" uspid="0" p8:type="SequencePoint" ordinal="17" offset="17" sc="0" sl="62" ec="1" el="62" bec="0" bev="0" fileid="2" xmlns:p8="xsi" />
            </Method>
            <Method cyclomaticComplexity="1" nPathComplexity="1" sequenceCoverage="0" branchCoverage="100" isConstructor="False" isGetter="False" isSetter="False" isStatic="True">
              <Summary numSequencePoints="1" visitedSequencePoints="0" numBranchPoints="0" visitedBranchPoints="0" sequenceCoverage="0" branchCoverage="100" maxCyclomaticComplexity="1" minCyclomaticComplexity="1" visitedClasses="0" numClasses="0" visitedMethods="0" numMethods="1" />
              <MetadataToken />
              <Name>System.Boolean SpendWise.Domain.ValueObjects.Money::op_LessThanOrEqual(SpendWise.Domain.ValueObjects.Money,SpendWise.Domain.ValueObjects.Money)</Name>
              <FileRef uid="2" />
              <SequencePoints>
                <SequencePoint vc="0" uspid="63" ordinal="0" sl="63" sc="1" el="63" ec="2" bec="0" bev="0" fileid="2" />
              </SequencePoints>
              <BranchPoints />
              <MethodPoint vc="0" uspid="0" p8:type="SequencePoint" ordinal="18" offset="18" sc="0" sl="63" ec="1" el="63" bec="0" bev="0" fileid="2" xmlns:p8="xsi" />
            </Method>
            <Method cyclomaticComplexity="1" nPathComplexity="1" sequenceCoverage="0" branchCoverage="100" isConstructor="True" isGetter="False" isSetter="False" isStatic="True">
              <Summary numSequencePoints="1" visitedSequencePoints="0" numBranchPoints="0" visitedBranchPoints="0" sequenceCoverage="0" branchCoverage="100" maxCyclomaticComplexity="1" minCyclomaticComplexity="1" visitedClasses="0" numClasses="0" visitedMethods="0" numMethods="1" />
              <MetadataToken />
              <Name>System.Void SpendWise.Domain.ValueObjects.Money::.ctor()</Name>
              <FileRef uid="2" />
              <SequencePoints>
                <SequencePoint vc="0" uspid="8" ordinal="0" sl="8" sc="1" el="8" ec="2" bec="0" bev="0" fileid="2" />
              </SequencePoints>
              <BranchPoints />
              <MethodPoint vc="0" uspid="0" p8:type="SequencePoint" ordinal="19" offset="19" sc="0" sl="8" ec="1" el="8" bec="0" bev="0" fileid="2" xmlns:p8="xsi" />
            </Method>
            <Method cyclomaticComplexity="2" nPathComplexity="2" sequenceCoverage="100" branchCoverage="100" isConstructor="True" isGetter="False" isSetter="False" isStatic="True">
              <Summary numSequencePoints="7" visitedSequencePoints="7" numBranchPoints="2" visitedBranchPoints="2" sequenceCoverage="100" branchCoverage="100" maxCyclomaticComplexity="2" minCyclomaticComplexity="2" visitedClasses="0" numClasses="0" visitedMethods="1" numMethods="1" />
              <MetadataToken />
              <Name>System.Void SpendWise.Domain.ValueObjects.Money::.ctor(System.Decimal,System.String)</Name>
              <FileRef uid="2" />
              <SequencePoints>
                <SequencePoint vc="113" uspid="10" ordinal="0" sl="10" sc="1" el="10" ec="2" bec="0" bev="0" fileid="2" />
                <SequencePoint vc="113" uspid="11" ordinal="1" sl="11" sc="1" el="11" ec="2" bec="0" bev="0" fileid="2" />
                <SequencePoint vc="113" uspid="12" ordinal="2" sl="12" sc="1" el="12" ec="2" bec="2" bev="2" fileid="2" />
                <SequencePoint vc="3" uspid="13" ordinal="3" sl="13" sc="1" el="13" ec="2" bec="0" bev="0" fileid="2" />
                <SequencePoint vc="110" uspid="15" ordinal="4" sl="15" sc="1" el="15" ec="2" bec="0" bev="0" fileid="2" />
                <SequencePoint vc="110" uspid="16" ordinal="5" sl="16" sc="1" el="16" ec="2" bec="0" bev="0" fileid="2" />
                <SequencePoint vc="110" uspid="17" ordinal="6" sl="17" sc="1" el="17" ec="2" bec="0" bev="0" fileid="2" />
              </SequencePoints>
              <BranchPoints>
                <BranchPoint vc="3" uspid="12" ordinal="0" path="0" offset="16" offsetend="18" sl="12" fileid="2" />
                <BranchPoint vc="110" uspid="12" ordinal="1" path="1" offset="16" offsetend="34" sl="12" fileid="2" />
              </BranchPoints>
              <MethodPoint vc="7" uspid="0" p8:type="SequencePoint" ordinal="20" offset="20" sc="0" sl="10" ec="1" el="17" bec="0" bev="0" fileid="2" xmlns:p8="xsi" />
            </Method>
          </Methods>
        </Class>
        <Class>
          <Summary numSequencePoints="36" visitedSequencePoints="0" numBranchPoints="10" visitedBranchPoints="0" sequenceCoverage="0" branchCoverage="0" maxCyclomaticComplexity="4" minCyclomaticComplexity="1" visitedClasses="0" numClasses="1" visitedMethods="0" numMethods="12" />
          <FullName>SpendWise.Domain.ValueObjects.Periodo</FullName>
          <Methods>
            <Method cyclomaticComplexity="1" nPathComplexity="1" sequenceCoverage="0" branchCoverage="100" isConstructor="False" isGetter="True" isSetter="False" isStatic="True">
              <Summary numSequencePoints="1" visitedSequencePoints="0" numBranchPoints="0" visitedBranchPoints="0" sequenceCoverage="0" branchCoverage="100" maxCyclomaticComplexity="1" minCyclomaticComplexity="1" visitedClasses="0" numClasses="0" visitedMethods="0" numMethods="1" />
              <MetadataToken />
              <Name>System.DateTime SpendWise.Domain.ValueObjects.Periodo::get_DataInicio()</Name>
              <FileRef uid="3" />
              <SequencePoints>
                <SequencePoint vc="0" uspid="5" ordinal="0" sl="5" sc="1" el="5" ec="2" bec="0" bev="0" fileid="3" />
              </SequencePoints>
              <BranchPoints />
              <MethodPoint vc="0" uspid="0" p8:type="SequencePoint" ordinal="0" offset="0" sc="0" sl="5" ec="1" el="5" bec="0" bev="0" fileid="3" xmlns:p8="xsi" />
            </Method>
            <Method cyclomaticComplexity="1" nPathComplexity="1" sequenceCoverage="0" branchCoverage="100" isConstructor="False" isGetter="True" isSetter="False" isStatic="True">
              <Summary numSequencePoints="1" visitedSequencePoints="0" numBranchPoints="0" visitedBranchPoints="0" sequenceCoverage="0" branchCoverage="100" maxCyclomaticComplexity="1" minCyclomaticComplexity="1" visitedClasses="0" numClasses="0" visitedMethods="0" numMethods="1" />
              <MetadataToken />
              <Name>System.DateTime SpendWise.Domain.ValueObjects.Periodo::get_DataFim()</Name>
              <FileRef uid="3" />
              <SequencePoints>
                <SequencePoint vc="0" uspid="6" ordinal="0" sl="6" sc="1" el="6" ec="2" bec="0" bev="0" fileid="3" />
              </SequencePoints>
              <BranchPoints />
              <MethodPoint vc="0" uspid="0" p8:type="SequencePoint" ordinal="1" offset="1" sc="0" sl="6" ec="1" el="6" bec="0" bev="0" fileid="3" xmlns:p8="xsi" />
            </Method>
            <Method cyclomaticComplexity="1" nPathComplexity="1" sequenceCoverage="0" branchCoverage="100" isConstructor="False" isGetter="True" isSetter="False" isStatic="True">
              <Summary numSequencePoints="1" visitedSequencePoints="0" numBranchPoints="0" visitedBranchPoints="0" sequenceCoverage="0" branchCoverage="100" maxCyclomaticComplexity="1" minCyclomaticComplexity="1" visitedClasses="0" numClasses="0" visitedMethods="0" numMethods="1" />
              <MetadataToken />
              <Name>System.Int32 SpendWise.Domain.ValueObjects.Periodo::get_QuantidadeDias()</Name>
              <FileRef uid="3" />
              <SequencePoints>
                <SequencePoint vc="0" uspid="19" ordinal="0" sl="19" sc="1" el="19" ec="2" bec="0" bev="0" fileid="3" />
              </SequencePoints>
              <BranchPoints />
              <MethodPoint vc="0" uspid="0" p8:type="SequencePoint" ordinal="2" offset="2" sc="0" sl="19" ec="1" el="19" bec="0" bev="0" fileid="3" xmlns:p8="xsi" />
            </Method>
            <Method cyclomaticComplexity="2" nPathComplexity="2" sequenceCoverage="0" branchCoverage="0" isConstructor="False" isGetter="False" isSetter="False" isStatic="True">
              <Summary numSequencePoints="4" visitedSequencePoints="0" numBranchPoints="2" visitedBranchPoints="0" sequenceCoverage="0" branchCoverage="0" maxCyclomaticComplexity="2" minCyclomaticComplexity="2" visitedClasses="0" numClasses="0" visitedMethods="0" numMethods="1" />
              <MetadataToken />
              <Name>System.Boolean SpendWise.Domain.ValueObjects.Periodo::ContemData(System.DateTime)</Name>
              <FileRef uid="3" />
              <SequencePoints>
                <SequencePoint vc="0" uspid="22" ordinal="0" sl="22" sc="1" el="22" ec="2" bec="0" bev="0" fileid="3" />
                <SequencePoint vc="0" uspid="23" ordinal="1" sl="23" sc="1" el="23" ec="2" bec="0" bev="0" fileid="3" />
                <SequencePoint vc="0" uspid="24" ordinal="2" sl="24" sc="1" el="24" ec="2" bec="2" bev="0" fileid="3" />
                <SequencePoint vc="0" uspid="25" ordinal="3" sl="25" sc="1" el="25" ec="2" bec="0" bev="0" fileid="3" />
              </SequencePoints>
              <BranchPoints>
                <BranchPoint vc="0" uspid="24" ordinal="0" path="0" offset="21" offsetend="23" sl="24" fileid="3" />
                <BranchPoint vc="0" uspid="24" ordinal="1" path="1" offset="21" offsetend="37" sl="24" fileid="3" />
              </BranchPoints>
              <MethodPoint vc="0" uspid="0" p8:type="SequencePoint" ordinal="3" offset="3" sc="0" sl="22" ec="1" el="25" bec="0" bev="0" fileid="3" xmlns:p8="xsi" />
            </Method>
            <Method cyclomaticComplexity="2" nPathComplexity="2" sequenceCoverage="0" branchCoverage="0" isConstructor="False" isGetter="False" isSetter="False" isStatic="True">
              <Summary numSequencePoints="3" visitedSequencePoints="0" numBranchPoints="2" visitedBranchPoints="0" sequenceCoverage="0" branchCoverage="0" maxCyclomaticComplexity="2" minCyclomaticComplexity="2" visitedClasses="0" numClasses="0" visitedMethods="0" numMethods="1" />
              <MetadataToken />
              <Name>System.Boolean SpendWise.Domain.ValueObjects.Periodo::SobrepoeA(SpendWise.Domain.ValueObjects.Periodo)</Name>
              <FileRef uid="3" />
              <SequencePoints>
                <SequencePoint vc="0" uspid="28" ordinal="0" sl="28" sc="1" el="28" ec="2" bec="0" bev="0" fileid="3" />
                <SequencePoint vc="0" uspid="29" ordinal="1" sl="29" sc="1" el="29" ec="2" bec="2" bev="0" fileid="3" />
                <SequencePoint vc="0" uspid="30" ordinal="2" sl="30" sc="1" el="30" ec="2" bec="0" bev="0" fileid="3" />
              </SequencePoints>
              <BranchPoints>
                <BranchPoint vc="0" uspid="29" ordinal="0" path="0" offset="18" offsetend="20" sl="29" fileid="3" />
                <BranchPoint vc="0" uspid="29" ordinal="1" path="1" offset="18" offsetend="39" sl="29" fileid="3" />
              </BranchPoints>
              <MethodPoint vc="0" uspid="0" p8:type="SequencePoint" ordinal="4" offset="4" sc="0" sl="28" ec="1" el="30" bec="0" bev="0" fileid="3" xmlns:p8="xsi" />
            </Method>
            <Method cyclomaticComplexity="1" nPathComplexity="1" sequenceCoverage="0" branchCoverage="100" isConstructor="False" isGetter="False" isSetter="False" isStatic="True">
              <Summary numSequencePoints="6" visitedSequencePoints="0" numBranchPoints="0" visitedBranchPoints="0" sequenceCoverage="0" branchCoverage="100" maxCyclomaticComplexity="1" minCyclomaticComplexity="1" visitedClasses="0" numClasses="0" visitedMethods="0" numMethods="1" />
              <MetadataToken />
              <Name>SpendWise.Domain.ValueObjects.Periodo SpendWise.Domain.ValueObjects.Periodo::MesAtual()</Name>
              <FileRef uid="3" />
              <SequencePoints>
                <SequencePoint vc="0" uspid="33" ordinal="0" sl="33" sc="1" el="33" ec="2" bec="0" bev="0" fileid="3" />
                <SequencePoint vc="0" uspid="34" ordinal="1" sl="34" sc="1" el="34" ec="2" bec="0" bev="0" fileid="3" />
                <SequencePoint vc="0" uspid="35" ordinal="2" sl="35" sc="1" el="35" ec="2" bec="0" bev="0" fileid="3" />
                <SequencePoint vc="0" uspid="36" ordinal="3" sl="36" sc="1" el="36" ec="2" bec="0" bev="0" fileid="3" />
                <SequencePoint vc="0" uspid="37" ordinal="4" sl="37" sc="1" el="37" ec="2" bec="0" bev="0" fileid="3" />
                <SequencePoint vc="0" uspid="38" ordinal="5" sl="38" sc="1" el="38" ec="2" bec="0" bev="0" fileid="3" />
              </SequencePoints>
              <BranchPoints />
              <MethodPoint vc="0" uspid="0" p8:type="SequencePoint" ordinal="5" offset="5" sc="0" sl="33" ec="1" el="38" bec="0" bev="0" fileid="3" xmlns:p8="xsi" />
            </Method>
            <Method cyclomaticComplexity="1" nPathComplexity="1" sequenceCoverage="0" branchCoverage="100" isConstructor="False" isGetter="False" isSetter="False" isStatic="True">
              <Summary numSequencePoints="6" visitedSequencePoints="0" numBranchPoints="0" visitedBranchPoints="0" sequenceCoverage="0" branchCoverage="100" maxCyclomaticComplexity="1" minCyclomaticComplexity="1" visitedClasses="0" numClasses="0" visitedMethods="0" numMethods="1" />
              <MetadataToken />
              <Name>SpendWise.Domain.ValueObjects.Periodo SpendWise.Domain.ValueObjects.Periodo::AnoAtual()</Name>
              <FileRef uid="3" />
              <SequencePoints>
                <SequencePoint vc="0" uspid="41" ordinal="0" sl="41" sc="1" el="41" ec="2" bec="0" bev="0" fileid="3" />
                <SequencePoint vc="0" uspid="42" ordinal="1" sl="42" sc="1" el="42" ec="2" bec="0" bev="0" fileid="3" />
                <SequencePoint vc="0" uspid="43" ordinal="2" sl="43" sc="1" el="43" ec="2" bec="0" bev="0" fileid="3" />
                <SequencePoint vc="0" uspid="44" ordinal="3" sl="44" sc="1" el="44" ec="2" bec="0" bev="0" fileid="3" />
                <SequencePoint vc="0" uspid="45" ordinal="4" sl="45" sc="1" el="45" ec="2" bec="0" bev="0" fileid="3" />
                <SequencePoint vc="0" uspid="46" ordinal="5" sl="46" sc="1" el="46" ec="2" bec="0" bev="0" fileid="3" />
              </SequencePoints>
              <BranchPoints />
              <MethodPoint vc="0" uspid="0" p8:type="SequencePoint" ordinal="6" offset="6" sc="0" sl="41" ec="1" el="46" bec="0" bev="0" fileid="3" xmlns:p8="xsi" />
            </Method>
            <Method cyclomaticComplexity="1" nPathComplexity="1" sequenceCoverage="0" branchCoverage="100" isConstructor="False" isGetter="False" isSetter="False" isStatic="True">
              <Summary numSequencePoints="1" visitedSequencePoints="0" numBranchPoints="0" visitedBranchPoints="0" sequenceCoverage="0" branchCoverage="100" maxCyclomaticComplexity="1" minCyclomaticComplexity="1" visitedClasses="0" numClasses="0" visitedMethods="0" numMethods="1" />
              <MetadataToken />
              <Name>System.String SpendWise.Domain.ValueObjects.Periodo::ToString()</Name>
              <FileRef uid="3" />
              <SequencePoints>
                <SequencePoint vc="0" uspid="48" ordinal="0" sl="48" sc="1" el="48" ec="2" bec="0" bev="0" fileid="3" />
              </SequencePoints>
              <BranchPoints />
              <MethodPoint vc="0" uspid="0" p8:type="SequencePoint" ordinal="7" offset="7" sc="0" sl="48" ec="1" el="48" bec="0" bev="0" fileid="3" xmlns:p8="xsi" />
            </Method>
            <Method cyclomaticComplexity="4" nPathComplexity="4" sequenceCoverage="0" branchCoverage="0" isConstructor="False" isGetter="False" isSetter="False" isStatic="True">
              <Summary numSequencePoints="4" visitedSequencePoints="0" numBranchPoints="4" visitedBranchPoints="0" sequenceCoverage="0" branchCoverage="0" maxCyclomaticComplexity="4" minCyclomaticComplexity="4" visitedClasses="0" numClasses="0" visitedMethods="0" numMethods="1" />
              <MetadataToken />
              <Name>System.Boolean SpendWise.Domain.ValueObjects.Periodo::Equals(System.Object)</Name>
              <FileRef uid="3" />
              <SequencePoints>
                <SequencePoint vc="0" uspid="51" ordinal="0" sl="51" sc="1" el="51" ec="2" bec="0" bev="0" fileid="3" />
                <SequencePoint vc="0" uspid="52" ordinal="1" sl="52" sc="1" el="52" ec="2" bec="2" bev="0" fileid="3" />
                <SequencePoint vc="0" uspid="53" ordinal="2" sl="53" sc="1" el="53" ec="2" bec="2" bev="0" fileid="3" />
                <SequencePoint vc="0" uspid="54" ordinal="3" sl="54" sc="1" el="54" ec="2" bec="0" bev="0" fileid="3" />
              </SequencePoints>
              <BranchPoints>
                <BranchPoint vc="0" uspid="52" ordinal="0" path="0" offset="17" offsetend="19" sl="52" fileid="3" />
                <BranchPoint vc="0" uspid="52" ordinal="1" path="1" offset="17" offsetend="23" sl="52" fileid="3" />
                <BranchPoint vc="0" uspid="53" ordinal="2" path="0" offset="40" offsetend="42" sl="53" fileid="3" />
                <BranchPoint vc="0" uspid="53" ordinal="3" path="1" offset="40" offsetend="61" sl="53" fileid="3" />
              </BranchPoints>
              <MethodPoint vc="0" uspid="0" p8:type="SequencePoint" ordinal="8" offset="8" sc="0" sl="51" ec="1" el="54" bec="0" bev="0" fileid="3" xmlns:p8="xsi" />
            </Method>
            <Method cyclomaticComplexity="1" nPathComplexity="1" sequenceCoverage="0" branchCoverage="100" isConstructor="False" isGetter="False" isSetter="False" isStatic="True">
              <Summary numSequencePoints="1" visitedSequencePoints="0" numBranchPoints="0" visitedBranchPoints="0" sequenceCoverage="0" branchCoverage="100" maxCyclomaticComplexity="1" minCyclomaticComplexity="1" visitedClasses="0" numClasses="0" visitedMethods="0" numMethods="1" />
              <MetadataToken />
              <Name>System.Int32 SpendWise.Domain.ValueObjects.Periodo::GetHashCode()</Name>
              <FileRef uid="3" />
              <SequencePoints>
                <SequencePoint vc="0" uspid="56" ordinal="0" sl="56" sc="1" el="56" ec="2" bec="0" bev="0" fileid="3" />
              </SequencePoints>
              <BranchPoints />
              <MethodPoint vc="0" uspid="0" p8:type="SequencePoint" ordinal="9" offset="9" sc="0" sl="56" ec="1" el="56" bec="0" bev="0" fileid="3" xmlns:p8="xsi" />
            </Method>
            <Method cyclomaticComplexity="1" nPathComplexity="1" sequenceCoverage="0" branchCoverage="100" isConstructor="True" isGetter="False" isSetter="False" isStatic="True">
              <Summary numSequencePoints="1" visitedSequencePoints="0" numBranchPoints="0" visitedBranchPoints="0" sequenceCoverage="0" branchCoverage="100" maxCyclomaticComplexity="1" minCyclomaticComplexity="1" visitedClasses="0" numClasses="0" visitedMethods="0" numMethods="1" />
              <MetadataToken />
              <Name>System.Void SpendWise.Domain.ValueObjects.Periodo::.ctor()</Name>
              <FileRef uid="3" />
              <SequencePoints>
                <SequencePoint vc="0" uspid="8" ordinal="0" sl="8" sc="1" el="8" ec="2" bec="0" bev="0" fileid="3" />
              </SequencePoints>
              <BranchPoints />
              <MethodPoint vc="0" uspid="0" p8:type="SequencePoint" ordinal="10" offset="10" sc="0" sl="8" ec="1" el="8" bec="0" bev="0" fileid="3" xmlns:p8="xsi" />
            </Method>
            <Method cyclomaticComplexity="2" nPathComplexity="2" sequenceCoverage="0" branchCoverage="0" isConstructor="True" isGetter="False" isSetter="False" isStatic="True">
              <Summary numSequencePoints="7" visitedSequencePoints="0" numBranchPoints="2" visitedBranchPoints="0" sequenceCoverage="0" branchCoverage="0" maxCyclomaticComplexity="2" minCyclomaticComplexity="2" visitedClasses="0" numClasses="0" visitedMethods="0" numMethods="1" />
              <MetadataToken />
              <Name>System.Void SpendWise.Domain.ValueObjects.Periodo::.ctor(System.DateTime,System.DateTime)</Name>
              <FileRef uid="3" />
              <SequencePoints>
                <SequencePoint vc="0" uspid="10" ordinal="0" sl="10" sc="1" el="10" ec="2" bec="0" bev="0" fileid="3" />
                <SequencePoint vc="0" uspid="11" ordinal="1" sl="11" sc="1" el="11" ec="2" bec="0" bev="0" fileid="3" />
                <SequencePoint vc="0" uspid="12" ordinal="2" sl="12" sc="1" el="12" ec="2" bec="2" bev="0" fileid="3" />
                <SequencePoint vc="0" uspid="13" ordinal="3" sl="13" sc="1" el="13" ec="2" bec="0" bev="0" fileid="3" />
                <SequencePoint vc="0" uspid="15" ordinal="4" sl="15" sc="1" el="15" ec="2" bec="0" bev="0" fileid="3" />
                <SequencePoint vc="0" uspid="16" ordinal="5" sl="16" sc="1" el="16" ec="2" bec="0" bev="0" fileid="3" />
                <SequencePoint vc="0" uspid="17" ordinal="6" sl="17" sc="1" el="17" ec="2" bec="0" bev="0" fileid="3" />
              </SequencePoints>
              <BranchPoints>
                <BranchPoint vc="0" uspid="12" ordinal="0" path="0" offset="17" offsetend="19" sl="12" fileid="3" />
                <BranchPoint vc="0" uspid="12" ordinal="1" path="1" offset="17" offsetend="30" sl="12" fileid="3" />
              </BranchPoints>
              <MethodPoint vc="0" uspid="0" p8:type="SequencePoint" ordinal="11" offset="11" sc="0" sl="10" ec="1" el="17" bec="0" bev="0" fileid="3" xmlns:p8="xsi" />
            </Method>
          </Methods>
        </Class>
        <Class>
          <Summary numSequencePoints="3" visitedSequencePoints="3" numBranchPoints="0" visitedBranchPoints="0" sequenceCoverage="100" branchCoverage="100" maxCyclomaticComplexity="1" minCyclomaticComplexity="1" visitedClasses="1" numClasses="1" visitedMethods="3" numMethods="3" />
          <FullName>SpendWise.Domain.Entities.BaseEntity</FullName>
          <Methods>
            <Method cyclomaticComplexity="1" nPathComplexity="1" sequenceCoverage="100" branchCoverage="100" isConstructor="False" isGetter="True" isSetter="False" isStatic="True">
              <Summary numSequencePoints="1" visitedSequencePoints="1" numBranchPoints="0" visitedBranchPoints="0" sequenceCoverage="100" branchCoverage="100" maxCyclomaticComplexity="1" minCyclomaticComplexity="1" visitedClasses="0" numClasses="0" visitedMethods="1" numMethods="1" />
              <MetadataToken />
              <Name>System.Guid SpendWise.Domain.Entities.BaseEntity::get_Id()</Name>
              <FileRef uid="4" />
              <SequencePoints>
                <SequencePoint vc="110" uspid="5" ordinal="0" sl="5" sc="1" el="5" ec="2" bec="0" bev="0" fileid="4" />
              </SequencePoints>
              <BranchPoints />
              <MethodPoint vc="1" uspid="0" p8:type="SequencePoint" ordinal="0" offset="0" sc="0" sl="5" ec="1" el="5" bec="0" bev="0" fileid="4" xmlns:p8="xsi" />
            </Method>
            <Method cyclomaticComplexity="1" nPathComplexity="1" sequenceCoverage="100" branchCoverage="100" isConstructor="False" isGetter="True" isSetter="False" isStatic="True">
              <Summary numSequencePoints="1" visitedSequencePoints="1" numBranchPoints="0" visitedBranchPoints="0" sequenceCoverage="100" branchCoverage="100" maxCyclomaticComplexity="1" minCyclomaticComplexity="1" visitedClasses="0" numClasses="0" visitedMethods="1" numMethods="1" />
              <MetadataToken />
              <Name>System.DateTime SpendWise.Domain.Entities.BaseEntity::get_CreatedAt()</Name>
              <FileRef uid="4" />
              <SequencePoints>
                <SequencePoint vc="104" uspid="6" ordinal="0" sl="6" sc="1" el="6" ec="2" bec="0" bev="0" fileid="4" />
              </SequencePoints>
              <BranchPoints />
              <MethodPoint vc="1" uspid="0" p8:type="SequencePoint" ordinal="1" offset="1" sc="0" sl="6" ec="1" el="6" bec="0" bev="0" fileid="4" xmlns:p8="xsi" />
            </Method>
            <Method cyclomaticComplexity="1" nPathComplexity="1" sequenceCoverage="100" branchCoverage="100" isConstructor="False" isGetter="True" isSetter="False" isStatic="True">
              <Summary numSequencePoints="1" visitedSequencePoints="1" numBranchPoints="0" visitedBranchPoints="0" sequenceCoverage="100" branchCoverage="100" maxCyclomaticComplexity="1" minCyclomaticComplexity="1" visitedClasses="0" numClasses="0" visitedMethods="1" numMethods="1" />
              <MetadataToken />
              <Name>System.Nullable`1&lt;System.DateTime&gt; SpendWise.Domain.Entities.BaseEntity::get_UpdatedAt()</Name>
              <FileRef uid="4" />
              <SequencePoints>
                <SequencePoint vc="63" uspid="7" ordinal="0" sl="7" sc="1" el="7" ec="2" bec="0" bev="0" fileid="4" />
              </SequencePoints>
              <BranchPoints />
              <MethodPoint vc="1" uspid="0" p8:type="SequencePoint" ordinal="2" offset="2" sc="0" sl="7" ec="1" el="7" bec="0" bev="0" fileid="4" xmlns:p8="xsi" />
            </Method>
          </Methods>
        </Class>
        <Class>
          <Summary numSequencePoints="37" visitedSequencePoints="35" numBranchPoints="6" visitedBranchPoints="6" sequenceCoverage="94.59" branchCoverage="100" maxCyclomaticComplexity="4" minCyclomaticComplexity="1" visitedClasses="1" numClasses="1" visitedMethods="11" numMethods="13" />
          <FullName>SpendWise.Domain.Entities.Categoria</FullName>
          <Methods>
            <Method cyclomaticComplexity="1" nPathComplexity="1" sequenceCoverage="100" branchCoverage="100" isConstructor="False" isGetter="True" isSetter="False" isStatic="True">
              <Summary numSequencePoints="1" visitedSequencePoints="1" numBranchPoints="0" visitedBranchPoints="0" sequenceCoverage="100" branchCoverage="100" maxCyclomaticComplexity="1" minCyclomaticComplexity="1" visitedClasses="0" numClasses="0" visitedMethods="1" numMethods="1" />
              <MetadataToken />
              <Name>System.String SpendWise.Domain.Entities.Categoria::get_Nome()</Name>
              <FileRef uid="5" />
              <SequencePoints>
                <SequencePoint vc="32" uspid="7" ordinal="0" sl="7" sc="1" el="7" ec="2" bec="0" bev="0" fileid="5" />
              </SequencePoints>
              <BranchPoints />
              <MethodPoint vc="1" uspid="0" p8:type="SequencePoint" ordinal="0" offset="0" sc="0" sl="7" ec="1" el="7" bec="0" bev="0" fileid="5" xmlns:p8="xsi" />
            </Method>
            <Method cyclomaticComplexity="1" nPathComplexity="1" sequenceCoverage="100" branchCoverage="100" isConstructor="False" isGetter="True" isSetter="False" isStatic="True">
              <Summary numSequencePoints="1" visitedSequencePoints="1" numBranchPoints="0" visitedBranchPoints="0" sequenceCoverage="100" branchCoverage="100" maxCyclomaticComplexity="1" minCyclomaticComplexity="1" visitedClasses="0" numClasses="0" visitedMethods="1" numMethods="1" />
              <MetadataToken />
              <Name>System.String SpendWise.Domain.Entities.Categoria::get_Descricao()</Name>
              <FileRef uid="5" />
              <SequencePoints>
                <SequencePoint vc="31" uspid="8" ordinal="0" sl="8" sc="1" el="8" ec="2" bec="0" bev="0" fileid="5" />
              </SequencePoints>
              <BranchPoints />
              <MethodPoint vc="1" uspid="0" p8:type="SequencePoint" ordinal="1" offset="1" sc="0" sl="8" ec="1" el="8" bec="0" bev="0" fileid="5" xmlns:p8="xsi" />
            </Method>
            <Method cyclomaticComplexity="1" nPathComplexity="1" sequenceCoverage="100" branchCoverage="100" isConstructor="False" isGetter="True" isSetter="False" isStatic="True">
              <Summary numSequencePoints="1" visitedSequencePoints="1" numBranchPoints="0" visitedBranchPoints="0" sequenceCoverage="100" branchCoverage="100" maxCyclomaticComplexity="1" minCyclomaticComplexity="1" visitedClasses="0" numClasses="0" visitedMethods="1" numMethods="1" />
              <MetadataToken />
              <Name>SpendWise.Domain.Enums.TipoCategoria SpendWise.Domain.Entities.Categoria::get_Tipo()</Name>
              <FileRef uid="5" />
              <SequencePoints>
                <SequencePoint vc="28" uspid="9" ordinal="0" sl="9" sc="1" el="9" ec="2" bec="0" bev="0" fileid="5" />
              </SequencePoints>
              <BranchPoints />
              <MethodPoint vc="1" uspid="0" p8:type="SequencePoint" ordinal="2" offset="2" sc="0" sl="9" ec="1" el="9" bec="0" bev="0" fileid="5" xmlns:p8="xsi" />
            </Method>
            <Method cyclomaticComplexity="1" nPathComplexity="1" sequenceCoverage="100" branchCoverage="100" isConstructor="False" isGetter="True" isSetter="False" isStatic="True">
              <Summary numSequencePoints="1" visitedSequencePoints="1" numBranchPoints="0" visitedBranchPoints="0" sequenceCoverage="100" branchCoverage="100" maxCyclomaticComplexity="1" minCyclomaticComplexity="1" visitedClasses="0" numClasses="0" visitedMethods="1" numMethods="1" />
              <MetadataToken />
              <Name>System.Guid SpendWise.Domain.Entities.Categoria::get_UsuarioId()</Name>
              <FileRef uid="5" />
              <SequencePoints>
                <SequencePoint vc="24" uspid="10" ordinal="0" sl="10" sc="1" el="10" ec="2" bec="0" bev="0" fileid="5" />
              </SequencePoints>
              <BranchPoints />
              <MethodPoint vc="1" uspid="0" p8:type="SequencePoint" ordinal="3" offset="3" sc="0" sl="10" ec="1" el="10" bec="0" bev="0" fileid="5" xmlns:p8="xsi" />
            </Method>
            <Method cyclomaticComplexity="1" nPathComplexity="1" sequenceCoverage="100" branchCoverage="100" isConstructor="False" isGetter="True" isSetter="False" isStatic="True">
              <Summary numSequencePoints="1" visitedSequencePoints="1" numBranchPoints="0" visitedBranchPoints="0" sequenceCoverage="100" branchCoverage="100" maxCyclomaticComplexity="1" minCyclomaticComplexity="1" visitedClasses="0" numClasses="0" visitedMethods="1" numMethods="1" />
              <MetadataToken />
              <Name>System.Boolean SpendWise.Domain.Entities.Categoria::get_IsAtiva()</Name>
              <FileRef uid="5" />
              <SequencePoints>
                <SequencePoint vc="33" uspid="11" ordinal="0" sl="11" sc="1" el="11" ec="2" bec="0" bev="0" fileid="5" />
              </SequencePoints>
              <BranchPoints />
              <MethodPoint vc="1" uspid="0" p8:type="SequencePoint" ordinal="4" offset="4" sc="0" sl="11" ec="1" el="11" bec="0" bev="0" fileid="5" xmlns:p8="xsi" />
            </Method>
            <Method cyclomaticComplexity="1" nPathComplexity="1" sequenceCoverage="0" branchCoverage="100" isConstructor="False" isGetter="True" isSetter="False" isStatic="True">
              <Summary numSequencePoints="1" visitedSequencePoints="0" numBranchPoints="0" visitedBranchPoints="0" sequenceCoverage="0" branchCoverage="100" maxCyclomaticComplexity="1" minCyclomaticComplexity="1" visitedClasses="0" numClasses="0" visitedMethods="0" numMethods="1" />
              <MetadataToken />
              <Name>SpendWise.Domain.Entities.Usuario SpendWise.Domain.Entities.Categoria::get_Usuario()</Name>
              <FileRef uid="5" />
              <SequencePoints>
                <SequencePoint vc="0" uspid="14" ordinal="0" sl="14" sc="1" el="14" ec="2" bec="0" bev="0" fileid="5" />
              </SequencePoints>
              <BranchPoints />
              <MethodPoint vc="0" uspid="0" p8:type="SequencePoint" ordinal="5" offset="5" sc="0" sl="14" ec="1" el="14" bec="0" bev="0" fileid="5" xmlns:p8="xsi" />
            </Method>
            <Method cyclomaticComplexity="1" nPathComplexity="1" sequenceCoverage="100" branchCoverage="100" isConstructor="False" isGetter="True" isSetter="False" isStatic="True">
              <Summary numSequencePoints="1" visitedSequencePoints="1" numBranchPoints="0" visitedBranchPoints="0" sequenceCoverage="100" branchCoverage="100" maxCyclomaticComplexity="1" minCyclomaticComplexity="1" visitedClasses="0" numClasses="0" visitedMethods="1" numMethods="1" />
              <MetadataToken />
              <Name>System.Collections.Generic.ICollection`1&lt;SpendWise.Domain.Entities.Transacao&gt; SpendWise.Domain.Entities.Categoria::get_Transacoes()</Name>
              <FileRef uid="5" />
              <SequencePoints>
                <SequencePoint vc="26" uspid="15" ordinal="0" sl="15" sc="1" el="15" ec="2" bec="0" bev="0" fileid="5" />
              </SequencePoints>
              <BranchPoints />
              <MethodPoint vc="1" uspid="0" p8:type="SequencePoint" ordinal="6" offset="6" sc="0" sl="15" ec="1" el="15" bec="0" bev="0" fileid="5" xmlns:p8="xsi" />
            </Method>
            <Method cyclomaticComplexity="2" nPathComplexity="2" sequenceCoverage="100" branchCoverage="100" isConstructor="False" isGetter="False" isSetter="False" isStatic="True">
              <Summary numSequencePoints="6" visitedSequencePoints="6" numBranchPoints="2" visitedBranchPoints="2" sequenceCoverage="100" branchCoverage="100" maxCyclomaticComplexity="2" minCyclomaticComplexity="2" visitedClasses="0" numClasses="0" visitedMethods="1" numMethods="1" />
              <MetadataToken />
              <Name>System.Void SpendWise.Domain.Entities.Categoria::AtualizarNome(System.String)</Name>
              <FileRef uid="5" />
              <SequencePoints>
                <SequencePoint vc="8" uspid="35" ordinal="0" sl="35" sc="1" el="35" ec="2" bec="0" bev="0" fileid="5" />
                <SequencePoint vc="8" uspid="36" ordinal="1" sl="36" sc="1" el="36" ec="2" bec="2" bev="2" fileid="5" />
                <SequencePoint vc="4" uspid="37" ordinal="2" sl="37" sc="1" el="37" ec="2" bec="0" bev="0" fileid="5" />
                <SequencePoint vc="4" uspid="39" ordinal="3" sl="39" sc="1" el="39" ec="2" bec="0" bev="0" fileid="5" />
                <SequencePoint vc="4" uspid="40" ordinal="4" sl="40" sc="1" el="40" ec="2" bec="0" bev="0" fileid="5" />
                <SequencePoint vc="4" uspid="41" ordinal="5" sl="41" sc="1" el="41" ec="2" bec="0" bev="0" fileid="5" />
              </SequencePoints>
              <BranchPoints>
                <BranchPoint vc="4" uspid="36" ordinal="0" path="0" offset="9" offsetend="11" sl="36" fileid="5" />
                <BranchPoint vc="4" uspid="36" ordinal="1" path="1" offset="9" offsetend="27" sl="36" fileid="5" />
              </BranchPoints>
              <MethodPoint vc="6" uspid="0" p8:type="SequencePoint" ordinal="7" offset="7" sc="0" sl="35" ec="1" el="41" bec="0" bev="0" fileid="5" xmlns:p8="xsi" />
            </Method>
            <Method cyclomaticComplexity="1" nPathComplexity="1" sequenceCoverage="100" branchCoverage="100" isConstructor="False" isGetter="False" isSetter="False" isStatic="True">
              <Summary numSequencePoints="4" visitedSequencePoints="4" numBranchPoints="0" visitedBranchPoints="0" sequenceCoverage="100" branchCoverage="100" maxCyclomaticComplexity="1" minCyclomaticComplexity="1" visitedClasses="0" numClasses="0" visitedMethods="1" numMethods="1" />
              <MetadataToken />
              <Name>System.Void SpendWise.Domain.Entities.Categoria::AtualizarDescricao(System.String)</Name>
              <FileRef uid="5" />
              <SequencePoints>
                <SequencePoint vc="3" uspid="44" ordinal="0" sl="44" sc="1" el="44" ec="2" bec="0" bev="0" fileid="5" />
                <SequencePoint vc="3" uspid="45" ordinal="1" sl="45" sc="1" el="45" ec="2" bec="0" bev="0" fileid="5" />
                <SequencePoint vc="3" uspid="46" ordinal="2" sl="46" sc="1" el="46" ec="2" bec="0" bev="0" fileid="5" />
                <SequencePoint vc="3" uspid="47" ordinal="3" sl="47" sc="1" el="47" ec="2" bec="0" bev="0" fileid="5" />
              </SequencePoints>
              <BranchPoints />
              <MethodPoint vc="4" uspid="0" p8:type="SequencePoint" ordinal="8" offset="8" sc="0" sl="44" ec="1" el="47" bec="0" bev="0" fileid="5" xmlns:p8="xsi" />
            </Method>
            <Method cyclomaticComplexity="1" nPathComplexity="1" sequenceCoverage="100" branchCoverage="100" isConstructor="False" isGetter="False" isSetter="False" isStatic="True">
              <Summary numSequencePoints="4" visitedSequencePoints="4" numBranchPoints="0" visitedBranchPoints="0" sequenceCoverage="100" branchCoverage="100" maxCyclomaticComplexity="1" minCyclomaticComplexity="1" visitedClasses="0" numClasses="0" visitedMethods="1" numMethods="1" />
              <MetadataToken />
              <Name>System.Void SpendWise.Domain.Entities.Categoria::Desativar()</Name>
              <FileRef uid="5" />
              <SequencePoints>
                <SequencePoint vc="2" uspid="50" ordinal="0" sl="50" sc="1" el="50" ec="2" bec="0" bev="0" fileid="5" />
                <SequencePoint vc="2" uspid="51" ordinal="1" sl="51" sc="1" el="51" ec="2" bec="0" bev="0" fileid="5" />
                <SequencePoint vc="2" uspid="52" ordinal="2" sl="52" sc="1" el="52" ec="2" bec="0" bev="0" fileid="5" />
                <SequencePoint vc="2" uspid="53" ordinal="3" sl="53" sc="1" el="53" ec="2" bec="0" bev="0" fileid="5" />
              </SequencePoints>
              <BranchPoints />
              <MethodPoint vc="4" uspid="0" p8:type="SequencePoint" ordinal="9" offset="9" sc="0" sl="50" ec="1" el="53" bec="0" bev="0" fileid="5" xmlns:p8="xsi" />
            </Method>
            <Method cyclomaticComplexity="1" nPathComplexity="1" sequenceCoverage="100" branchCoverage="100" isConstructor="False" isGetter="False" isSetter="False" isStatic="True">
              <Summary numSequencePoints="4" visitedSequencePoints="4" numBranchPoints="0" visitedBranchPoints="0" sequenceCoverage="100" branchCoverage="100" maxCyclomaticComplexity="1" minCyclomaticComplexity="1" visitedClasses="0" numClasses="0" visitedMethods="1" numMethods="1" />
              <MetadataToken />
              <Name>System.Void SpendWise.Domain.Entities.Categoria::Ativar()</Name>
              <FileRef uid="5" />
              <SequencePoints>
                <SequencePoint vc="1" uspid="56" ordinal="0" sl="56" sc="1" el="56" ec="2" bec="0" bev="0" fileid="5" />
                <SequencePoint vc="1" uspid="57" ordinal="1" sl="57" sc="1" el="57" ec="2" bec="0" bev="0" fileid="5" />
                <SequencePoint vc="1" uspid="58" ordinal="2" sl="58" sc="1" el="58" ec="2" bec="0" bev="0" fileid="5" />
                <SequencePoint vc="1" uspid="59" ordinal="3" sl="59" sc="1" el="59" ec="2" bec="0" bev="0" fileid="5" />
              </SequencePoints>
              <BranchPoints />
              <MethodPoint vc="4" uspid="0" p8:type="SequencePoint" ordinal="10" offset="10" sc="0" sl="56" ec="1" el="59" bec="0" bev="0" fileid="5" xmlns:p8="xsi" />
            </Method>
            <Method cyclomaticComplexity="1" nPathComplexity="1" sequenceCoverage="0" branchCoverage="100" isConstructor="True" isGetter="False" isSetter="False" isStatic="True">
              <Summary numSequencePoints="1" visitedSequencePoints="0" numBranchPoints="0" visitedBranchPoints="0" sequenceCoverage="0" branchCoverage="100" maxCyclomaticComplexity="1" minCyclomaticComplexity="1" visitedClasses="0" numClasses="0" visitedMethods="0" numMethods="1" />
              <MetadataToken />
              <Name>System.Void SpendWise.Domain.Entities.Categoria::.ctor()</Name>
              <FileRef uid="5" />
              <SequencePoints>
                <SequencePoint vc="0" uspid="18" ordinal="0" sl="18" sc="1" el="18" ec="2" bec="0" bev="0" fileid="5" />
              </SequencePoints>
              <BranchPoints />
              <MethodPoint vc="0" uspid="0" p8:type="SequencePoint" ordinal="11" offset="11" sc="0" sl="18" ec="1" el="18" bec="0" bev="0" fileid="5" xmlns:p8="xsi" />
            </Method>
[...]
              <BranchPoints>
                <BranchPoint vc="3" uspid="32" ordinal="0" path="0" offset="16" offsetend="18" sl="32" fileid="7" />
                <BranchPoint vc="23" uspid="32" ordinal="1" path="1" offset="16" offsetend="34" sl="32" fileid="7" />
                <BranchPoint vc="1" uspid="35" ordinal="2" path="0" offset="48" offsetend="50" sl="35" fileid="7" />
                <BranchPoint vc="22" uspid="35" ordinal="3" path="1" offset="48" offsetend="66" sl="35" fileid="7" />
                <BranchPoint vc="1" uspid="38" ordinal="4" path="0" offset="80" offsetend="82" sl="38" fileid="7" />
                <BranchPoint vc="21" uspid="38" ordinal="5" path="1" offset="80" offsetend="98" sl="38" fileid="7" />
                <BranchPoint vc="1" uspid="42" ordinal="6" path="0" offset="109" offsetend="111" sl="42" fileid="7" />
                <BranchPoint vc="20" uspid="42" ordinal="7" path="1" offset="109" offsetend="123" sl="42" fileid="7" />
              </BranchPoints>
              <MethodPoint vc="23" uspid="0" p8:type="SequencePoint" ordinal="15" offset="15" sc="0" sl="23" ec="1" el="48" bec="0" bev="0" fileid="7" xmlns:p8="xsi" />
            </Method>
          </Methods>
        </Class>
        <Class>
          <Summary numSequencePoints="39" visitedSequencePoints="38" numBranchPoints="12" visitedBranchPoints="12" sequenceCoverage="97.43" branchCoverage="100" maxCyclomaticComplexity="8" minCyclomaticComplexity="1" visitedClasses="1" numClasses="1" visitedMethods="12" numMethods="13" />
          <FullName>SpendWise.Domain.Entities.Usuario</FullName>
          <Methods>
            <Method cyclomaticComplexity="1" nPathComplexity="1" sequenceCoverage="100" branchCoverage="100" isConstructor="False" isGetter="True" isSetter="False" isStatic="True">
              <Summary numSequencePoints="1" visitedSequencePoints="1" numBranchPoints="0" visitedBranchPoints="0" sequenceCoverage="100" branchCoverage="100" maxCyclomaticComplexity="1" minCyclomaticComplexity="1" visitedClasses="0" numClasses="0" visitedMethods="1" numMethods="1" />
              <MetadataToken />
              <Name>System.String SpendWise.Domain.Entities.Usuario::get_Nome()</Name>
              <FileRef uid="8" />
              <SequencePoints>
                <SequencePoint vc="16" uspid="7" ordinal="0" sl="7" sc="1" el="7" ec="2" bec="0" bev="0" fileid="8" />
              </SequencePoints>
              <BranchPoints />
              <MethodPoint vc="1" uspid="0" p8:type="SequencePoint" ordinal="0" offset="0" sc="0" sl="7" ec="1" el="7" bec="0" bev="0" fileid="8" xmlns:p8="xsi" />
            </Method>
            <Method cyclomaticComplexity="1" nPathComplexity="1" sequenceCoverage="100" branchCoverage="100" isConstructor="False" isGetter="True" isSetter="False" isStatic="True">
              <Summary numSequencePoints="1" visitedSequencePoints="1" numBranchPoints="0" visitedBranchPoints="0" sequenceCoverage="100" branchCoverage="100" maxCyclomaticComplexity="1" minCyclomaticComplexity="1" visitedClasses="0" numClasses="0" visitedMethods="1" numMethods="1" />
              <MetadataToken />
              <Name>SpendWise.Domain.ValueObjects.Email SpendWise.Domain.Entities.Usuario::get_Email()</Name>
              <FileRef uid="8" />
              <SequencePoints>
                <SequencePoint vc="13" uspid="8" ordinal="0" sl="8" sc="1" el="8" ec="2" bec="0" bev="0" fileid="8" />
              </SequencePoints>
              <BranchPoints />
              <MethodPoint vc="1" uspid="0" p8:type="SequencePoint" ordinal="1" offset="1" sc="0" sl="8" ec="1" el="8" bec="0" bev="0" fileid="8" xmlns:p8="xsi" />
            </Method>
            <Method cyclomaticComplexity="1" nPathComplexity="1" sequenceCoverage="100" branchCoverage="100" isConstructor="False" isGetter="True" isSetter="False" isStatic="True">
              <Summary numSequencePoints="1" visitedSequencePoints="1" numBranchPoints="0" visitedBranchPoints="0" sequenceCoverage="100" branchCoverage="100" maxCyclomaticComplexity="1" minCyclomaticComplexity="1" visitedClasses="0" numClasses="0" visitedMethods="1" numMethods="1" />
              <MetadataToken />
              <Name>System.String SpendWise.Domain.Entities.Usuario::get_PasswordHash()</Name>
              <FileRef uid="8" />
              <SequencePoints>
                <SequencePoint vc="12" uspid="9" ordinal="0" sl="9" sc="1" el="9" ec="2" bec="0" bev="0" fileid="8" />
              </SequencePoints>
              <BranchPoints />
              <MethodPoint vc="1" uspid="0" p8:type="SequencePoint" ordinal="2" offset="2" sc="0" sl="9" ec="1" el="9" bec="0" bev="0" fileid="8" xmlns:p8="xsi" />
            </Method>
            <Method cyclomaticComplexity="1" nPathComplexity="1" sequenceCoverage="100" branchCoverage="100" isConstructor="False" isGetter="True" isSetter="False" isStatic="True">
              <Summary numSequencePoints="1" visitedSequencePoints="1" numBranchPoints="0" visitedBranchPoints="0" sequenceCoverage="100" branchCoverage="100" maxCyclomaticComplexity="1" minCyclomaticComplexity="1" visitedClasses="0" numClasses="0" visitedMethods="1" numMethods="1" />
              <MetadataToken />
              <Name>System.Decimal SpendWise.Domain.Entities.Usuario::get_RendaMensal()</Name>
              <FileRef uid="8" />
              <SequencePoints>
                <SequencePoint vc="15" uspid="10" ordinal="0" sl="10" sc="1" el="10" ec="2" bec="0" bev="0" fileid="8" />
              </SequencePoints>
              <BranchPoints />
              <MethodPoint vc="1" uspid="0" p8:type="SequencePoint" ordinal="3" offset="3" sc="0" sl="10" ec="1" el="10" bec="0" bev="0" fileid="8" xmlns:p8="xsi" />
            </Method>
            <Method cyclomaticComplexity="1" nPathComplexity="1" sequenceCoverage="100" branchCoverage="100" isConstructor="False" isGetter="True" isSetter="False" isStatic="True">
              <Summary numSequencePoints="1" visitedSequencePoints="1" numBranchPoints="0" visitedBranchPoints="0" sequenceCoverage="100" branchCoverage="100" maxCyclomaticComplexity="1" minCyclomaticComplexity="1" visitedClasses="0" numClasses="0" visitedMethods="1" numMethods="1" />
              <MetadataToken />
              <Name>System.Boolean SpendWise.Domain.Entities.Usuario::get_IsAtivo()</Name>
              <FileRef uid="8" />
              <SequencePoints>
                <SequencePoint vc="25" uspid="11" ordinal="0" sl="11" sc="1" el="11" ec="2" bec="0" bev="0" fileid="8" />
              </SequencePoints>
              <BranchPoints />
              <MethodPoint vc="1" uspid="0" p8:type="SequencePoint" ordinal="4" offset="4" sc="0" sl="11" ec="1" el="11" bec="0" bev="0" fileid="8" xmlns:p8="xsi" />
            </Method>
            <Method cyclomaticComplexity="1" nPathComplexity="1" sequenceCoverage="100" branchCoverage="100" isConstructor="False" isGetter="True" isSetter="False" isStatic="True">
              <Summary numSequencePoints="1" visitedSequencePoints="1" numBranchPoints="0" visitedBranchPoints="0" sequenceCoverage="100" branchCoverage="100" maxCyclomaticComplexity="1" minCyclomaticComplexity="1" visitedClasses="0" numClasses="0" visitedMethods="1" numMethods="1" />
              <MetadataToken />
              <Name>System.Collections.Generic.ICollection`1&lt;SpendWise.Domain.Entities.Categoria&gt; SpendWise.Domain.Entities.Usuario::get_Categorias()</Name>
              <FileRef uid="8" />
              <SequencePoints>
                <SequencePoint vc="19" uspid="14" ordinal="0" sl="14" sc="1" el="14" ec="2" bec="0" bev="0" fileid="8" />
              </SequencePoints>
              <BranchPoints />
              <MethodPoint vc="1" uspid="0" p8:type="SequencePoint" ordinal="5" offset="5" sc="0" sl="14" ec="1" el="14" bec="0" bev="0" fileid="8" xmlns:p8="xsi" />
            </Method>
            <Method cyclomaticComplexity="1" nPathComplexity="1" sequenceCoverage="100" branchCoverage="100" isConstructor="False" isGetter="True" isSetter="False" isStatic="True">
              <Summary numSequencePoints="1" visitedSequencePoints="1" numBranchPoints="0" visitedBranchPoints="0" sequenceCoverage="100" branchCoverage="100" maxCyclomaticComplexity="1" minCyclomaticComplexity="1" visitedClasses="0" numClasses="0" visitedMethods="1" numMethods="1" />
              <MetadataToken />
              <Name>System.Collections.Generic.ICollection`1&lt;SpendWise.Domain.Entities.Transacao&gt; SpendWise.Domain.Entities.Usuario::get_Transacoes()</Name>
              <FileRef uid="8" />
              <SequencePoints>
                <SequencePoint vc="19" uspid="15" ordinal="0" sl="15" sc="1" el="15" ec="2" bec="0" bev="0" fileid="8" />
              </SequencePoints>
              <BranchPoints />
              <MethodPoint vc="1" uspid="0" p8:type="SequencePoint" ordinal="6" offset="6" sc="0" sl="15" ec="1" el="15" bec="0" bev="0" fileid="8" xmlns:p8="xsi" />
            </Method>
            <Method cyclomaticComplexity="2" nPathComplexity="2" sequenceCoverage="100" branchCoverage="100" isConstructor="False" isGetter="False" isSetter="False" isStatic="True">
              <Summary numSequencePoints="6" visitedSequencePoints="6" numBranchPoints="2" visitedBranchPoints="2" sequenceCoverage="100" branchCoverage="100" maxCyclomaticComplexity="2" minCyclomaticComplexity="2" visitedClasses="0" numClasses="0" visitedMethods="1" numMethods="1" />
              <MetadataToken />
              <Name>System.Void SpendWise.Domain.Entities.Usuario::AtualizarNome(System.String)</Name>
              <FileRef uid="8" />
              <SequencePoints>
                <SequencePoint vc="4" uspid="35" ordinal="0" sl="35" sc="1" el="35" ec="2" bec="0" bev="0" fileid="8" />
                <SequencePoint vc="4" uspid="36" ordinal="1" sl="36" sc="1" el="36" ec="2" bec="2" bev="2" fileid="8" />
                <SequencePoint vc="3" uspid="37" ordinal="2" sl="37" sc="1" el="37" ec="2" bec="0" bev="0" fileid="8" />
                <SequencePoint vc="1" uspid="39" ordinal="3" sl="39" sc="1" el="39" ec="2" bec="0" bev="0" fileid="8" />
                <SequencePoint vc="1" uspid="40" ordinal="4" sl="40" sc="1" el="40" ec="2" bec="0" bev="0" fileid="8" />
                <SequencePoint vc="1" uspid="41" ordinal="5" sl="41" sc="1" el="41" ec="2" bec="0" bev="0" fileid="8" />
              </SequencePoints>
              <BranchPoints>
                <BranchPoint vc="3" uspid="36" ordinal="0" path="0" offset="9" offsetend="11" sl="36" fileid="8" />
                <BranchPoint vc="1" uspid="36" ordinal="1" path="1" offset="9" offsetend="27" sl="36" fileid="8" />
              </BranchPoints>
              <MethodPoint vc="6" uspid="0" p8:type="SequencePoint" ordinal="7" offset="7" sc="0" sl="35" ec="1" el="41" bec="0" bev="0" fileid="8" xmlns:p8="xsi" />
            </Method>
            <Method cyclomaticComplexity="2" nPathComplexity="2" sequenceCoverage="100" branchCoverage="100" isConstructor="False" isGetter="False" isSetter="False" isStatic="True">
              <Summary numSequencePoints="6" visitedSequencePoints="6" numBranchPoints="2" visitedBranchPoints="2" sequenceCoverage="100" branchCoverage="100" maxCyclomaticComplexity="2" minCyclomaticComplexity="2" visitedClasses="0" numClasses="0" visitedMethods="1" numMethods="1" />
              <MetadataToken />
              <Name>System.Void SpendWise.Domain.Entities.Usuario::AtualizarRendaMensal(System.Decimal)</Name>
              <FileRef uid="8" />
              <SequencePoints>
                <SequencePoint vc="2" uspid="44" ordinal="0" sl="44" sc="1" el="44" ec="2" bec="0" bev="0" fileid="8" />
                <SequencePoint vc="2" uspid="45" ordinal="1" sl="45" sc="1" el="45" ec="2" bec="2" bev="2" fileid="8" />
                <SequencePoint vc="1" uspid="46" ordinal="2" sl="46" sc="1" el="46" ec="2" bec="0" bev="0" fileid="8" />
                <SequencePoint vc="1" uspid="48" ordinal="3" sl="48" sc="1" el="48" ec="2" bec="0" bev="0" fileid="8" />
                <SequencePoint vc="1" uspid="49" ordinal="4" sl="49" sc="1" el="49" ec="2" bec="0" bev="0" fileid="8" />
                <SequencePoint vc="1" uspid="50" ordinal="5" sl="50" sc="1" el="50" ec="2" bec="0" bev="0" fileid="8" />
              </SequencePoints>
              <BranchPoints>
                <BranchPoint vc="1" uspid="45" ordinal="0" path="0" offset="14" offsetend="16" sl="45" fileid="8" />
                <BranchPoint vc="1" uspid="45" ordinal="1" path="1" offset="14" offsetend="32" sl="45" fileid="8" />
              </BranchPoints>
              <MethodPoint vc="6" uspid="0" p8:type="SequencePoint" ordinal="8" offset="8" sc="0" sl="44" ec="1" el="50" bec="0" bev="0" fileid="8" xmlns:p8="xsi" />
            </Method>
            <Method cyclomaticComplexity="1" nPathComplexity="1" sequenceCoverage="100" branchCoverage="100" isConstructor="False" isGetter="False" isSetter="False" isStatic="True">
              <Summary numSequencePoints="4" visitedSequencePoints="4" numBranchPoints="0" visitedBranchPoints="0" sequenceCoverage="100" branchCoverage="100" maxCyclomaticComplexity="1" minCyclomaticComplexity="1" visitedClasses="0" numClasses="0" visitedMethods="1" numMethods="1" />
              <MetadataToken />
              <Name>System.Void SpendWise.Domain.Entities.Usuario::Desativar()</Name>
              <FileRef uid="8" />
              <SequencePoints>
                <SequencePoint vc="2" uspid="53" ordinal="0" sl="53" sc="1" el="53" ec="2" bec="0" bev="0" fileid="8" />
                <SequencePoint vc="2" uspid="54" ordinal="1" sl="54" sc="1" el="54" ec="2" bec="0" bev="0" fileid="8" />
                <SequencePoint vc="2" uspid="55" ordinal="2" sl="55" sc="1" el="55" ec="2" bec="0" bev="0" fileid="8" />
                <SequencePoint vc="2" uspid="56" ordinal="3" sl="56" sc="1" el="56" ec="2" bec="0" bev="0" fileid="8" />
              </SequencePoints>
              <BranchPoints />
              <MethodPoint vc="4" uspid="0" p8:type="SequencePoint" ordinal="9" offset="9" sc="0" sl="53" ec="1" el="56" bec="0" bev="0" fileid="8" xmlns:p8="xsi" />
            </Method>
            <Method cyclomaticComplexity="1" nPathComplexity="1" sequenceCoverage="100" branchCoverage="100" isConstructor="False" isGetter="False" isSetter="False" isStatic="True">
              <Summary numSequencePoints="4" visitedSequencePoints="4" numBranchPoints="0" visitedBranchPoints="0" sequenceCoverage="100" branchCoverage="100" maxCyclomaticComplexity="1" minCyclomaticComplexity="1" visitedClasses="0" numClasses="0" visitedMethods="1" numMethods="1" />
              <MetadataToken />
              <Name>System.Void SpendWise.Domain.Entities.Usuario::Ativar()</Name>
              <FileRef uid="8" />
              <SequencePoints>
                <SequencePoint vc="1" uspid="59" ordinal="0" sl="59" sc="1" el="59" ec="2" bec="0" bev="0" fileid="8" />
                <SequencePoint vc="1" uspid="60" ordinal="1" sl="60" sc="1" el="60" ec="2" bec="0" bev="0" fileid="8" />
                <SequencePoint vc="1" uspid="61" ordinal="2" sl="61" sc="1" el="61" ec="2" bec="0" bev="0" fileid="8" />
                <SequencePoint vc="1" uspid="62" ordinal="3" sl="62" sc="1" el="62" ec="2" bec="0" bev="0" fileid="8" />
              </SequencePoints>
              <BranchPoints />
              <MethodPoint vc="4" uspid="0" p8:type="SequencePoint" ordinal="10" offset="10" sc="0" sl="59" ec="1" el="62" bec="0" bev="0" fileid="8" xmlns:p8="xsi" />
            </Method>
            <Method cyclomaticComplexity="1" nPathComplexity="1" sequenceCoverage="0" branchCoverage="100" isConstructor="True" isGetter="False" isSetter="False" isStatic="True">
              <Summary numSequencePoints="1" visitedSequencePoints="0" numBranchPoints="0" visitedBranchPoints="0" sequenceCoverage="0" branchCoverage="100" maxCyclomaticComplexity="1" minCyclomaticComplexity="1" visitedClasses="0" numClasses="0" visitedMethods="0" numMethods="1" />
              <MetadataToken />
              <Name>System.Void SpendWise.Domain.Entities.Usuario::.ctor()</Name>
              <FileRef uid="8" />
              <SequencePoints>
                <SequencePoint vc="0" uspid="18" ordinal="0" sl="18" sc="1" el="18" ec="2" bec="0" bev="0" fileid="8" />
              </SequencePoints>
              <BranchPoints />
              <MethodPoint vc="0" uspid="0" p8:type="SequencePoint" ordinal="11" offset="11" sc="0" sl="18" ec="1" el="18" bec="0" bev="0" fileid="8" xmlns:p8="xsi" />
            </Method>
            <Method cyclomaticComplexity="8" nPathComplexity="8" sequenceCoverage="100" branchCoverage="100" isConstructor="True" isGetter="False" isSetter="False" isStatic="True">
              <Summary numSequencePoints="11" visitedSequencePoints="11" numBranchPoints="8" visitedBranchPoints="8" sequenceCoverage="100" branchCoverage="100" maxCyclomaticComplexity="8" minCyclomaticComplexity="8" visitedClasses="0" numClasses="0" visitedMethods="1" numMethods="1" />
              <MetadataToken />
              <Name>System.Void SpendWise.Domain.Entities.Usuario::.ctor(System.String,SpendWise.Domain.ValueObjects.Email,System.String,System.Decimal)</Name>
              <FileRef uid="8" />
              <SequencePoints>
                <SequencePoint vc="17" uspid="20" ordinal="0" sl="20" sc="1" el="20" ec="2" bec="0" bev="0" fileid="8" />
                <SequencePoint vc="17" uspid="21" ordinal="1" sl="21" sc="1" el="21" ec="2" bec="0" bev="0" fileid="8" />
                <SequencePoint vc="17" uspid="22" ordinal="2" sl="22" sc="1" el="22" ec="2" bec="2" bev="2" fileid="8" />
                <SequencePoint vc="3" uspid="23" ordinal="3" sl="23" sc="1" el="23" ec="2" bec="0" bev="0" fileid="8" />
                <SequencePoint vc="14" uspid="25" ordinal="4" sl="25" sc="1" el="25" ec="2" bec="2" bev="2" fileid="8" />
                <SequencePoint vc="1" uspid="26" ordinal="5" sl="26" sc="1" el="26" ec="2" bec="0" bev="0" fileid="8" />
                <SequencePoint vc="13" uspid="28" ordinal="6" sl="28" sc="1" el="28" ec="2" bec="0" bev="0" fileid="8" />
                <SequencePoint vc="13" uspid="29" ordinal="7" sl="29" sc="1" el="29" ec="2" bec="2" bev="2" fileid="8" />
                <SequencePoint vc="12" uspid="30" ordinal="8" sl="30" sc="1" el="30" ec="2" bec="2" bev="2" fileid="8" />
                <SequencePoint vc="11" uspid="31" ordinal="9" sl="31" sc="1" el="31" ec="2" bec="0" bev="0" fileid="8" />
                <SequencePoint vc="11" uspid="32" ordinal="10" sl="32" sc="1" el="32" ec="2" bec="0" bev="0" fileid="8" />
              </SequencePoints>
              <BranchPoints>
                <BranchPoint vc="3" uspid="22" ordinal="0" path="0" offset="45" offsetend="47" sl="22" fileid="8" />
                <BranchPoint vc="14" uspid="22" ordinal="1" path="1" offset="45" offsetend="63" sl="22" fileid="8" />
                <BranchPoint vc="1" uspid="25" ordinal="2" path="0" offset="77" offsetend="79" sl="25" fileid="8" />
                <BranchPoint vc="13" uspid="25" ordinal="3" path="1" offset="77" offsetend="95" sl="25" fileid="8" />
                <BranchPoint vc="1" uspid="29" ordinal="4" path="0" offset="106" offsetend="108" sl="29" fileid="8" />
                <BranchPoint vc="12" uspid="29" ordinal="5" path="1" offset="106" offsetend="120" sl="29" fileid="8" />
                <BranchPoint vc="1" uspid="30" ordinal="6" path="0" offset="129" offsetend="131" sl="30" fileid="8" />
                <BranchPoint vc="11" uspid="30" ordinal="7" path="1" offset="129" offsetend="143" sl="30" fileid="8" />
              </BranchPoints>
              <MethodPoint vc="11" uspid="0" p8:type="SequencePoint" ordinal="12" offset="12" sc="0" sl="20" ec="1" el="32" bec="0" bev="0" fileid="8" xmlns:p8="xsi" />
            </Method>
          </Methods>
        </Class>
      </Classes>
    </Module>
  </Modules>
</CoverageSession>